On branch master
Your branch is up-to-date with 'origin/master'.
Changes not staged for commit:
  (use "git add <file>..." to update what will be committed)
  (use "git checkout -- <file>..." to discard changes in working directory)

	modified:   Packages
	modified:   Packages.bz2
	modified:   Packages.gz
	modified:   Release
	modified:   Release.gpg
	modified:   debs/apt.1nternist.ayeconios9_1.1.3-1_iphoneos-arm.deb
	modified:   log/buildlog.log
	modified:   log/git-sync.log

no changes added to commit (use "git add" and/or "git commit -a")
On branch master
Your branch is up-to-date with 'origin/master'.
Changes to be committed:
  (use "git reset HEAD <file>..." to unstage)

	modified:   Packages
	modified:   Packages.bz2
	modified:   Packages.gz
	modified:   Release
	modified:   Release.gpg
	modified:   debs/apt.1nternist.ayeconios9_1.1.3-1_iphoneos-arm.deb
	modified:   log/buildlog.log
	modified:   log/git-sync.log

