dpkg-deb: failed to open package info file `.resources/uncompiled-packages/./DEBIAN/control' for reading: No such file or directory
dpkg-deb: failed to open package info file `.resources/uncompiled-packages/../DEBIAN/control' for reading: No such file or directory
warning, `.resources/uncompiled-packages/apt.1nternist.1nspire-ringtones_1.0_iphoneos-arm/DEBIAN/control' contains user-defined field `Author'
warning, `.resources/uncompiled-packages/apt.1nternist.1nspire-ringtones_1.0_iphoneos-arm/DEBIAN/control' contains user-defined field `Name'
dpkg-deb: ignoring 2 warnings about the control file(s)
dpkg-deb: building package `apt.1nternist.1nspire-ringtones' in `debs/apt.1nternist.1nspire-ringtones_1.0_iphoneos-arm.deb'.
warning, `.resources/uncompiled-packages/apt.1nternist.alias-unalias_1.0-b1_iphoneos-arm/DEBIAN/control' contains user-defined field `Author'
warning, `.resources/uncompiled-packages/apt.1nternist.alias-unalias_1.0-b1_iphoneos-arm/DEBIAN/control' contains user-defined field `Name'
dpkg-deb: ignoring 2 warnings about the control file(s)
dpkg-deb: building package `apt.1nternist.alias-unalias' in `debs/apt.1nternist.alias-unalias_1.0-b1_iphoneos-arm.deb'.
warning, `.resources/uncompiled-packages/apt.1nternist.ambientringtones_1.1_iphoneos-arm/DEBIAN/control' contains user-defined field `Author'
warning, `.resources/uncompiled-packages/apt.1nternist.ambientringtones_1.1_iphoneos-arm/DEBIAN/control' contains user-defined field `Name'
dpkg-deb: ignoring 2 warnings about the control file(s)
dpkg-deb: building package `apt.1nternist.ambientringtones' in `debs/apt.1nternist.ambientringtones_1.1_iphoneos-arm.deb'.
warning, `.resources/uncompiled-packages/apt.1nternist.ap2ipa_1.2_iphoneos-arm/DEBIAN/control' contains user-defined field `Name'
warning, `.resources/uncompiled-packages/apt.1nternist.ap2ipa_1.2_iphoneos-arm/DEBIAN/control' contains user-defined field `Author'
warning, `.resources/uncompiled-packages/apt.1nternist.ap2ipa_1.2_iphoneos-arm/DEBIAN/control' contains user-defined field `Sponsor'
dpkg-deb: ignoring 3 warnings about the control file(s)
dpkg-deb: building package `apt.1nternist.ap2ipa' in `debs/apt.1nternist.ap2ipa_1.2_iphoneos-arm.deb'.
warning, `.resources/uncompiled-packages/apt.1nternist.appinfoforios8_1.6.3-1_iphoneos-arm/DEBIAN/control' contains user-defined field `Author'
warning, `.resources/uncompiled-packages/apt.1nternist.appinfoforios8_1.6.3-1_iphoneos-arm/DEBIAN/control' contains user-defined field `Name'
warning, `.resources/uncompiled-packages/apt.1nternist.appinfoforios8_1.6.3-1_iphoneos-arm/DEBIAN/control' contains user-defined field `Sponsor'
warning, `.resources/uncompiled-packages/apt.1nternist.appinfoforios8_1.6.3-1_iphoneos-arm/DEBIAN/control' contains user-defined field `dev'
warning, `.resources/uncompiled-packages/apt.1nternist.appinfoforios8_1.6.3-1_iphoneos-arm/DEBIAN/control' contains user-defined field `Icon'
dpkg-deb: ignoring 5 warnings about the control file(s)
dpkg-deb: building package `apt.1nternist.appinfoforios8' in `debs/apt.1nternist.appinfoforios8_1.6.3-1_iphoneos-arm.deb'.
warning, `.resources/uncompiled-packages/apt.1nternist.apptodebv14ios8_1.2.1_iphoneos-arm/DEBIAN/control' contains user-defined field `Author'
warning, `.resources/uncompiled-packages/apt.1nternist.apptodebv14ios8_1.2.1_iphoneos-arm/DEBIAN/control' contains user-defined field `Name'
warning, `.resources/uncompiled-packages/apt.1nternist.apptodebv14ios8_1.2.1_iphoneos-arm/DEBIAN/control' contains user-defined field `Sponsor'
dpkg-deb: ignoring 3 warnings about the control file(s)
dpkg-deb: building package `apt.1nternist.apptodebv14ios8' in `debs/apt.1nternist.apptodebv14ios8_1.2.1_iphoneos-arm.deb'.
warning, `.resources/uncompiled-packages/apt.1nternist.apptodebv1parallel_1.5.3_iphoneos-arm/DEBIAN/control' contains user-defined field `Author'
warning, `.resources/uncompiled-packages/apt.1nternist.apptodebv1parallel_1.5.3_iphoneos-arm/DEBIAN/control' contains user-defined field `Name'
warning, `.resources/uncompiled-packages/apt.1nternist.apptodebv1parallel_1.5.3_iphoneos-arm/DEBIAN/control' contains user-defined field `Sponsor'
dpkg-deb: ignoring 3 warnings about the control file(s)
dpkg-deb: building package `apt.1nternist.apptodebv1parallel' in `debs/apt.1nternist.apptodebv1parallel_1.5.3_iphoneos-arm.deb'.
warning, `.resources/uncompiled-packages/apt.1nternist.arm-tool_0.3_iphoneos-arm/DEBIAN/control' contains user-defined field `Author'
warning, `.resources/uncompiled-packages/apt.1nternist.arm-tool_0.3_iphoneos-arm/DEBIAN/control' contains user-defined field `Name'
warning, `.resources/uncompiled-packages/apt.1nternist.arm-tool_0.3_iphoneos-arm/DEBIAN/control' contains user-defined field `Sponsor'
dpkg-deb: ignoring 3 warnings about the control file(s)
dpkg-deb: building package `apt.1nternist.arm-tool' in `debs/apt.1nternist.arm-tool_0.3_iphoneos-arm.deb'.
warning, `.resources/uncompiled-packages/apt.1nternist.armv7binpatch_1.0_iphoneos-arm/DEBIAN/control' contains user-defined field `Author'
warning, `.resources/uncompiled-packages/apt.1nternist.armv7binpatch_1.0_iphoneos-arm/DEBIAN/control' contains user-defined field `Name'
warning, `.resources/uncompiled-packages/apt.1nternist.armv7binpatch_1.0_iphoneos-arm/DEBIAN/control' contains user-defined field `Sponsor'
dpkg-deb: ignoring 3 warnings about the control file(s)
dpkg-deb: building package `apt.1nternist.armv7binpatch' in `debs/apt.1nternist.armv7binpatch_1.0_iphoneos-arm.deb'.
warning, `.resources/uncompiled-packages/apt.1nternist.armv7s-add_1.0_iphoneos-arm/DEBIAN/control' contains user-defined field `Author'
warning, `.resources/uncompiled-packages/apt.1nternist.armv7s-add_1.0_iphoneos-arm/DEBIAN/control' contains user-defined field `Sponsor'
warning, `.resources/uncompiled-packages/apt.1nternist.armv7s-add_1.0_iphoneos-arm/DEBIAN/control' contains user-defined field `Name'
dpkg-deb: ignoring 3 warnings about the control file(s)
dpkg-deb: building package `apt.1nternist.armv7s-add' in `debs/apt.1nternist.armv7s-add_1.0_iphoneos-arm.deb'.
warning, `.resources/uncompiled-packages/apt.1nternist.armv7s-patch_1.1_iphoneos-arm/DEBIAN/control' contains user-defined field `Author'
warning, `.resources/uncompiled-packages/apt.1nternist.armv7s-patch_1.1_iphoneos-arm/DEBIAN/control' contains user-defined field `Sponsor'
warning, `.resources/uncompiled-packages/apt.1nternist.armv7s-patch_1.1_iphoneos-arm/DEBIAN/control' contains user-defined field `Name'
dpkg-deb: ignoring 3 warnings about the control file(s)
dpkg-deb: building package `apt.1nternist.armv7s-patch' in `debs/apt.1nternist.armv7s-patch_1.1_iphoneos-arm.deb'.
warning, `.resources/uncompiled-packages/apt.1nternist.avtoolscripts_1.4.2_iphoneos-arm/DEBIAN/control' contains user-defined field `Author'
warning, `.resources/uncompiled-packages/apt.1nternist.avtoolscripts_1.4.2_iphoneos-arm/DEBIAN/control' contains user-defined field `Name'
dpkg-deb: ignoring 2 warnings about the control file(s)
dpkg-deb: building package `apt.1nternist.avtoolscripts' in `debs/apt.1nternist.avtoolscripts_1.4.2_iphoneos-arm.deb'.
warning, `.resources/uncompiled-packages/apt.1nternist.bash-dpkg-scanpackages_1.1_iphoneos-arm/DEBIAN/control' contains user-defined field `Author'
warning, `.resources/uncompiled-packages/apt.1nternist.bash-dpkg-scanpackages_1.1_iphoneos-arm/DEBIAN/control' contains user-defined field `Name'
dpkg-deb: ignoring 2 warnings about the control file(s)
dpkg-deb: building package `apt.1nternist.bash-dpkg-scanpackages' in `debs/apt.1nternist.bash-dpkg-scanpackages_1.1_iphoneos-arm.deb'.
warning, `.resources/uncompiled-packages/apt.1nternist.bashrc_1.0_iphoneos-arm/DEBIAN/control' contains user-defined field `Author'
warning, `.resources/uncompiled-packages/apt.1nternist.bashrc_1.0_iphoneos-arm/DEBIAN/control' contains user-defined field `Name'
dpkg-deb: ignoring 2 warnings about the control file(s)
dpkg-deb: building package `apt.1nternist.bashrc' in `debs/apt.1nternist.bashrc_1.0_iphoneos-arm.deb'.
warning, `.resources/uncompiled-packages/apt.1nternist.bashutils_1.0.6-1_iphoneos-arm/DEBIAN/control' contains user-defined field `Author'
warning, `.resources/uncompiled-packages/apt.1nternist.bashutils_1.0.6-1_iphoneos-arm/DEBIAN/control' contains user-defined field `Depiction'
warning, `.resources/uncompiled-packages/apt.1nternist.bashutils_1.0.6-1_iphoneos-arm/DEBIAN/control' contains user-defined field `Name'
warning, `.resources/uncompiled-packages/apt.1nternist.bashutils_1.0.6-1_iphoneos-arm/DEBIAN/control' contains user-defined field `Sponsor'
dpkg-deb: ignoring 4 warnings about the control file(s)
dpkg-deb: building package `apt.1nternist.bashutils' in `debs/apt.1nternist.bashutils_1.0.6-1_iphoneos-arm.deb'.
warning, `.resources/uncompiled-packages/apt.1nternist.bitesmsicon_0.1_iphoneos-arm/DEBIAN/control' contains user-defined field `Author'
warning, `.resources/uncompiled-packages/apt.1nternist.bitesmsicon_0.1_iphoneos-arm/DEBIAN/control' contains user-defined field `Name'
dpkg-deb: ignoring 2 warnings about the control file(s)
dpkg-deb: building package `apt.1nternist.bitesmsicon' in `debs/apt.1nternist.bitesmsicon_0.1_iphoneos-arm.deb'.
warning, `.resources/uncompiled-packages/apt.1nternist.blackmagicwoman_1.0_iphoneos-arm/DEBIAN/control' contains user-defined field `Author'
warning, `.resources/uncompiled-packages/apt.1nternist.blackmagicwoman_1.0_iphoneos-arm/DEBIAN/control' contains user-defined field `Name'
dpkg-deb: ignoring 2 warnings about the control file(s)
dpkg-deb: building package `apt.1nternist.blackmagicwoman' in `debs/apt.1nternist.blackmagicwoman_1.0_iphoneos-arm.deb'.
warning, `.resources/uncompiled-packages/apt.1nternist.blockernetworks_1.11_iphoneos-arm/DEBIAN/control' contains user-defined field `Author'
warning, `.resources/uncompiled-packages/apt.1nternist.blockernetworks_1.11_iphoneos-arm/DEBIAN/control' contains user-defined field `Depiction'
warning, `.resources/uncompiled-packages/apt.1nternist.blockernetworks_1.11_iphoneos-arm/DEBIAN/control' contains user-defined field `dev'
warning, `.resources/uncompiled-packages/apt.1nternist.blockernetworks_1.11_iphoneos-arm/DEBIAN/control' contains user-defined field `Icon'
warning, `.resources/uncompiled-packages/apt.1nternist.blockernetworks_1.11_iphoneos-arm/DEBIAN/control' contains user-defined field `Name'
warning, `.resources/uncompiled-packages/apt.1nternist.blockernetworks_1.11_iphoneos-arm/DEBIAN/control' contains user-defined field `Sponsor'
dpkg-deb: ignoring 6 warnings about the control file(s)
dpkg-deb: building package `apt.1nternist.blockernetworks' in `debs/apt.1nternist.blockernetworks_1.11_iphoneos-arm.deb'.
warning, `.resources/uncompiled-packages/apt.1nternist.bonjourfix_1.2_iphoneos-arm/DEBIAN/control' contains user-defined field `Author'
warning, `.resources/uncompiled-packages/apt.1nternist.bonjourfix_1.2_iphoneos-arm/DEBIAN/control' contains user-defined field `Name'
warning, `.resources/uncompiled-packages/apt.1nternist.bonjourfix_1.2_iphoneos-arm/DEBIAN/control' contains user-defined field `Sponsor'
dpkg-deb: ignoring 3 warnings about the control file(s)
dpkg-deb: building package `apt.1nternist.bonjourfix' in `debs/apt.1nternist.bonjourfix_1.2_iphoneos-arm.deb'.
warning, `.resources/uncompiled-packages/apt.1nternist.bubblepop_1.0_iphoneos-arm/DEBIAN/control' contains user-defined field `Author'
warning, `.resources/uncompiled-packages/apt.1nternist.bubblepop_1.0_iphoneos-arm/DEBIAN/control' contains user-defined field `Name'
dpkg-deb: ignoring 2 warnings about the control file(s)
dpkg-deb: building package `apt.1nternist.bubblepop' in `debs/apt.1nternist.bubblepop_1.0_iphoneos-arm.deb'.
warning, `.resources/uncompiled-packages/apt.1nternist.bundleicons_0.1_iphoneos-arm/DEBIAN/control' contains user-defined field `Author'
warning, `.resources/uncompiled-packages/apt.1nternist.bundleicons_0.1_iphoneos-arm/DEBIAN/control' contains user-defined field `Name'
warning, `.resources/uncompiled-packages/apt.1nternist.bundleicons_0.1_iphoneos-arm/DEBIAN/control' contains user-defined field `Sponsor'
dpkg-deb: ignoring 3 warnings about the control file(s)
dpkg-deb: building package `apt.1nternist.bundleicons' in `debs/apt.1nternist.bundleicons_0.1_iphoneos-arm.deb'.
warning, `.resources/uncompiled-packages/apt.1nternist.cacawtookietookie_1.0_iphoneos-arm/DEBIAN/control' contains user-defined field `Author'
warning, `.resources/uncompiled-packages/apt.1nternist.cacawtookietookie_1.0_iphoneos-arm/DEBIAN/control' contains user-defined field `Name'
dpkg-deb: ignoring 2 warnings about the control file(s)
dpkg-deb: building package `apt.1nternist.cacawtookietookie' in `debs/apt.1nternist.cacawtookietookie_1.0_iphoneos-arm.deb'.
warning, `.resources/uncompiled-packages/apt.1nternist.cartmanringtones_1.0_iphoneos-arm/DEBIAN/control' contains user-defined field `Author'
warning, `.resources/uncompiled-packages/apt.1nternist.cartmanringtones_1.0_iphoneos-arm/DEBIAN/control' contains user-defined field `Name'
dpkg-deb: ignoring 2 warnings about the control file(s)
dpkg-deb: building package `apt.1nternist.cartmanringtones' in `debs/apt.1nternist.cartmanringtones_1.0_iphoneos-arm.deb'.
warning, `.resources/uncompiled-packages/apt.1nternist.chocolatesaltyballs_1.0_iphoneos-arm/DEBIAN/control' contains user-defined field `Author'
warning, `.resources/uncompiled-packages/apt.1nternist.chocolatesaltyballs_1.0_iphoneos-arm/DEBIAN/control' contains user-defined field `Name'
dpkg-deb: ignoring 2 warnings about the control file(s)
dpkg-deb: building package `apt.1nternist.chocolatesaltyballs' in `debs/apt.1nternist.chocolatesaltyballs_1.0_iphoneos-arm.deb'.
warning, `.resources/uncompiled-packages/apt.1nternist.clitools_1.0-2_iphoneos-arm/DEBIAN/control' contains user-defined field `Author'
warning, `.resources/uncompiled-packages/apt.1nternist.clitools_1.0-2_iphoneos-arm/DEBIAN/control' contains user-defined field `Depiction'
warning, `.resources/uncompiled-packages/apt.1nternist.clitools_1.0-2_iphoneos-arm/DEBIAN/control' contains user-defined field `Name'
warning, `.resources/uncompiled-packages/apt.1nternist.clitools_1.0-2_iphoneos-arm/DEBIAN/control' contains user-defined field `Sponsor'
dpkg-deb: ignoring 4 warnings about the control file(s)
dpkg-deb: building package `apt.1nternist.clitools' in `debs/apt.1nternist.clitools_1.0-2_iphoneos-arm.deb'.
warning, `.resources/uncompiled-packages/apt.1nternist.clutch2_2.0-1_iphoneos-arm/DEBIAN/control' contains user-defined field `Author'
warning, `.resources/uncompiled-packages/apt.1nternist.clutch2_2.0-1_iphoneos-arm/DEBIAN/control' contains user-defined field `Name'
dpkg-deb: ignoring 2 warnings about the control file(s)
dpkg-deb: building package `apt.1nternist.clutch2' in `debs/apt.1nternist.clutch2_2.0-1_iphoneos-arm.deb'.
warning, `.resources/uncompiled-packages/apt.1nternist.clutch_1.4.7-3_iphoneos-arm/DEBIAN/control' contains user-defined field `Author'
warning, `.resources/uncompiled-packages/apt.1nternist.clutch_1.4.7-3_iphoneos-arm/DEBIAN/control' contains user-defined field `Name'
dpkg-deb: ignoring 2 warnings about the control file(s)
dpkg-deb: building package `apt.1nternist.clutch' in `debs/apt.1nternist.clutch_1.4.7-3_iphoneos-arm.deb'.
warning, `.resources/uncompiled-packages/apt.1nternist.cokepokesr-list_1.0_iphoneos-arm/DEBIAN/control' contains user-defined field `Sponsor'
warning, `.resources/uncompiled-packages/apt.1nternist.cokepokesr-list_1.0_iphoneos-arm/DEBIAN/control' contains user-defined field `Name'
warning, `.resources/uncompiled-packages/apt.1nternist.cokepokesr-list_1.0_iphoneos-arm/DEBIAN/control' contains user-defined field `Depiction'
warning, `.resources/uncompiled-packages/apt.1nternist.cokepokesr-list_1.0_iphoneos-arm/DEBIAN/control' contains user-defined field `Author'
dpkg-deb: ignoring 4 warnings about the control file(s)
dpkg-deb: building package `apt.1nternist.cokepokesr-list' in `debs/apt.1nternist.cokepokesr-list_1.0_iphoneos-arm.deb'.
warning, `.resources/uncompiled-packages/apt.1nternist.coolstarsr-list_1.0_iphoneos-arm/DEBIAN/control' contains user-defined field `Sponsor'
warning, `.resources/uncompiled-packages/apt.1nternist.coolstarsr-list_1.0_iphoneos-arm/DEBIAN/control' contains user-defined field `Name'
warning, `.resources/uncompiled-packages/apt.1nternist.coolstarsr-list_1.0_iphoneos-arm/DEBIAN/control' contains user-defined field `Depiction'
warning, `.resources/uncompiled-packages/apt.1nternist.coolstarsr-list_1.0_iphoneos-arm/DEBIAN/control' contains user-defined field `Author'
dpkg-deb: ignoring 4 warnings about the control file(s)
dpkg-deb: building package `apt.1nternist.coolstarsr-list' in `debs/apt.1nternist.coolstarsr-list_1.0_iphoneos-arm.deb'.
warning, `.resources/uncompiled-packages/apt.1nternist.crazymonst-list_1.0_iphoneos-arm/DEBIAN/control' contains user-defined field `Sponsor'
warning, `.resources/uncompiled-packages/apt.1nternist.crazymonst-list_1.0_iphoneos-arm/DEBIAN/control' contains user-defined field `Name'
warning, `.resources/uncompiled-packages/apt.1nternist.crazymonst-list_1.0_iphoneos-arm/DEBIAN/control' contains user-defined field `Depiction'
warning, `.resources/uncompiled-packages/apt.1nternist.crazymonst-list_1.0_iphoneos-arm/DEBIAN/control' contains user-defined field `Author'
dpkg-deb: ignoring 4 warnings about the control file(s)
dpkg-deb: building package `apt.1nternist.crazymonst-list' in `debs/apt.1nternist.crazymonst-list_1.0_iphoneos-arm.deb'.
warning, `.resources/uncompiled-packages/apt.1nternist.cydiaiconios7_0.1_iphoneos-arm/DEBIAN/control' contains user-defined field `Author'
warning, `.resources/uncompiled-packages/apt.1nternist.cydiaiconios7_0.1_iphoneos-arm/DEBIAN/control' contains user-defined field `Name'
dpkg-deb: ignoring 2 warnings about the control file(s)
dpkg-deb: building package `apt.1nternist.cydiaiconios7' in `debs/apt.1nternist.cydiaiconios7_0.1_iphoneos-arm.deb'.
warning, `.resources/uncompiled-packages/apt.1nternist.cyrespring_1.0_iphoneos-arm/DEBIAN/control' contains user-defined field `Author'
warning, `.resources/uncompiled-packages/apt.1nternist.cyrespring_1.0_iphoneos-arm/DEBIAN/control' contains user-defined field `Name'
warning, `.resources/uncompiled-packages/apt.1nternist.cyrespring_1.0_iphoneos-arm/DEBIAN/control' contains user-defined field `Sponsor'
dpkg-deb: ignoring 3 warnings about the control file(s)
dpkg-deb: building package `apt.1nternist.cyrespring' in `debs/apt.1nternist.cyrespring_1.0_iphoneos-arm.deb'.
warning, `.resources/uncompiled-packages/apt.1nternist.debhelper_9.20141107-4_iphoneos-arm/DEBIAN/control' contains user-defined field `Author'
warning, `.resources/uncompiled-packages/apt.1nternist.debhelper_9.20141107-4_iphoneos-arm/DEBIAN/control' contains user-defined field `Name'
warning, `.resources/uncompiled-packages/apt.1nternist.debhelper_9.20141107-4_iphoneos-arm/DEBIAN/control' contains user-defined field `Sponsor'
dpkg-deb: ignoring 3 warnings about the control file(s)
dpkg-deb: building package `apt.1nternist.debhelper' in `debs/apt.1nternist.debhelper_9.20141107-4_iphoneos-arm.deb'.
warning, `.resources/uncompiled-packages/apt.1nternist.debxpandr_3.0_iphoneos-arm/DEBIAN/control' contains user-defined field `Author'
warning, `.resources/uncompiled-packages/apt.1nternist.debxpandr_3.0_iphoneos-arm/DEBIAN/control' contains user-defined field `Name'
dpkg-deb: ignoring 2 warnings about the control file(s)
dpkg-deb: building package `apt.1nternist.debxpandr' in `debs/apt.1nternist.debxpandr_3.0_iphoneos-arm.deb'.
warning, `.resources/uncompiled-packages/apt.1nternist.disabled_1.0.3_iphoneos-arm/DEBIAN/control' contains user-defined field `Author'
warning, `.resources/uncompiled-packages/apt.1nternist.disabled_1.0.3_iphoneos-arm/DEBIAN/control' contains user-defined field `Depiction'
warning, `.resources/uncompiled-packages/apt.1nternist.disabled_1.0.3_iphoneos-arm/DEBIAN/control' contains user-defined field `dev'
warning, `.resources/uncompiled-packages/apt.1nternist.disabled_1.0.3_iphoneos-arm/DEBIAN/control' contains user-defined field `Icon'
warning, `.resources/uncompiled-packages/apt.1nternist.disabled_1.0.3_iphoneos-arm/DEBIAN/control' contains user-defined field `Name'
dpkg-deb: ignoring 5 warnings about the control file(s)
dpkg-deb: building package `apt.1nternist.disabled' in `debs/apt.1nternist.disabled_1.0.3_iphoneos-arm.deb'.
warning, `.resources/uncompiled-packages/apt.1nternist.dpkg-debtool_0.9.11_iphoneos-arm/DEBIAN/control' contains user-defined field `Author'
warning, `.resources/uncompiled-packages/apt.1nternist.dpkg-debtool_0.9.11_iphoneos-arm/DEBIAN/control' contains user-defined field `Name'
warning, `.resources/uncompiled-packages/apt.1nternist.dpkg-debtool_0.9.11_iphoneos-arm/DEBIAN/control' contains user-defined field `Sponsor'
dpkg-deb: ignoring 3 warnings about the control file(s)
dpkg-deb: building package `apt.1nternist.dpkg-debtool' in `debs/apt.1nternist.dpkg-debtool_0.9.11_iphoneos-arm.deb'.
warning, `.resources/uncompiled-packages/apt.1nternist.dpkg-dev_1.16.15-4_all/DEBIAN/control' contains user-defined field `Name'
warning, `.resources/uncompiled-packages/apt.1nternist.dpkg-dev_1.16.15-4_all/DEBIAN/control' contains user-defined field `Sponsor'
dpkg-deb: ignoring 2 warnings about the control file(s)
dpkg-deb: building package `apt.1nternist.dpkg-dev' in `debs/apt.1nternist.dpkg-dev_1.16.15-4_all.deb'.
warning, `.resources/uncompiled-packages/apt.1nternist.dpkg-scanpackages_2.6_iphoneos-arm/DEBIAN/control' contains user-defined field `Name'
warning, `.resources/uncompiled-packages/apt.1nternist.dpkg-scanpackages_2.6_iphoneos-arm/DEBIAN/control' contains user-defined field `Sponsor'
dpkg-deb: ignoring 2 warnings about the control file(s)
dpkg-deb: building package `apt.1nternist.dpkg-scanpackages' in `debs/apt.1nternist.dpkg-scanpackages_2.6_iphoneos-arm.deb'.
warning, `.resources/uncompiled-packages/apt.1nternist.emoji83_1.0-47_iphoneos-arm/DEBIAN/control' contains user-defined field `Author'
warning, `.resources/uncompiled-packages/apt.1nternist.emoji83_1.0-47_iphoneos-arm/DEBIAN/control' contains user-defined field `Sponsor'
warning, `.resources/uncompiled-packages/apt.1nternist.emoji83_1.0-47_iphoneos-arm/DEBIAN/control' contains user-defined field `Name'
dpkg-deb: ignoring 3 warnings about the control file(s)
dpkg-deb: building package `apt.1nternist.emoji83' in `debs/apt.1nternist.emoji83_1.0-47_iphoneos-arm.deb'.
warning, `.resources/uncompiled-packages/apt.1nternist.emwwalls_1.0_iphoneos-arm/DEBIAN/control' contains user-defined field `Name'
warning, `.resources/uncompiled-packages/apt.1nternist.emwwalls_1.0_iphoneos-arm/DEBIAN/control' contains user-defined field `Sponsor'
dpkg-deb: ignoring 2 warnings about the control file(s)
dpkg-deb: building package `apt.1nternist.emwwalls' in `debs/apt.1nternist.emwwalls_1.0_iphoneos-arm.deb'.
warning, `.resources/uncompiled-packages/apt.1nternist.ffmpeg_2.4.2_iphoneos-arm/DEBIAN/control' contains user-defined field `Author'
warning, `.resources/uncompiled-packages/apt.1nternist.ffmpeg_2.4.2_iphoneos-arm/DEBIAN/control' contains user-defined field `Name'
warning, `.resources/uncompiled-packages/apt.1nternist.ffmpeg_2.4.2_iphoneos-arm/DEBIAN/control' contains user-defined field `Sponsor'
dpkg-deb: ignoring 3 warnings about the control file(s)
dpkg-deb: building package `apt.1nternist.ffmpeg' in `debs/apt.1nternist.ffmpeg_2.4.2_iphoneos-arm.deb'.
warning, `.resources/uncompiled-packages/apt.1nternist.findmyshells_1.1_iphoneos-arm/DEBIAN/control' contains user-defined field `Author'
warning, `.resources/uncompiled-packages/apt.1nternist.findmyshells_1.1_iphoneos-arm/DEBIAN/control' contains user-defined field `Name'
dpkg-deb: ignoring 2 warnings about the control file(s)
dpkg-deb: building package `apt.1nternist.findmyshells' in `debs/apt.1nternist.findmyshells_1.1_iphoneos-arm.deb'.
warning, `.resources/uncompiled-packages/apt.1nternist.freeyourap-list_1.0_iphoneos-arm/DEBIAN/control' contains user-defined field `Sponsor'
warning, `.resources/uncompiled-packages/apt.1nternist.freeyourap-list_1.0_iphoneos-arm/DEBIAN/control' contains user-defined field `Name'
warning, `.resources/uncompiled-packages/apt.1nternist.freeyourap-list_1.0_iphoneos-arm/DEBIAN/control' contains user-defined field `Depiction'
warning, `.resources/uncompiled-packages/apt.1nternist.freeyourap-list_1.0_iphoneos-arm/DEBIAN/control' contains user-defined field `Author'
dpkg-deb: ignoring 4 warnings about the control file(s)
dpkg-deb: building package `apt.1nternist.freeyourap-list' in `debs/apt.1nternist.freeyourap-list_1.0_iphoneos-arm.deb'.
warning, `.resources/uncompiled-packages/apt.1nternist.gdb_1821_iphoneos-arm/DEBIAN/control' contains user-defined field `Name'
warning, `.resources/uncompiled-packages/apt.1nternist.gdb_1821_iphoneos-arm/DEBIAN/control' contains user-defined field `Depiction'
dpkg-deb: ignoring 2 warnings about the control file(s)
dpkg-deb: building package `apt.1nternist.gdb' in `debs/apt.1nternist.gdb_1821_iphoneos-arm.deb'.
warning, `.resources/uncompiled-packages/apt.1nternist.git-doc_1.1-2_iphoneos-arm/DEBIAN/control' contains user-defined field `Name'
dpkg-deb: ignoring 1 warnings about the control file(s)
dpkg-deb: building package `apt.1nternist.git-doc' in `debs/apt.1nternist.git-doc_1.1-2_iphoneos-arm.deb'.
warning, `.resources/uncompiled-packages/apt.1nternist.github-sslcerts_1.0-1_iphoneos-arm/DEBIAN/control' contains user-defined field `Name'
warning, `.resources/uncompiled-packages/apt.1nternist.github-sslcerts_1.0-1_iphoneos-arm/DEBIAN/control' contains user-defined field `Author'
warning, `.resources/uncompiled-packages/apt.1nternist.github-sslcerts_1.0-1_iphoneos-arm/DEBIAN/control' contains user-defined field `Sponsor'
dpkg-deb: ignoring 3 warnings about the control file(s)
dpkg-deb: building package `apt.1nternist.github-sslcerts' in `debs/apt.1nternist.github-sslcerts_1.0-1_iphoneos-arm.deb'.
warning, `.resources/uncompiled-packages/apt.1nternist.gnumake_4.0_iphoneos-arm/DEBIAN/control' contains user-defined field `Name'
warning, `.resources/uncompiled-packages/apt.1nternist.gnumake_4.0_iphoneos-arm/DEBIAN/control' contains user-defined field `Author'
dpkg-deb: ignoring 2 warnings about the control file(s)
dpkg-deb: building package `apt.1nternist.gnumake' in `debs/apt.1nternist.gnumake_4.0_iphoneos-arm.deb'.
warning, `.resources/uncompiled-packages/apt.1nternist.groff-base_1.22.3-2_iphoneos-arm/DEBIAN/control' contains user-defined field `Author'
warning, `.resources/uncompiled-packages/apt.1nternist.groff-base_1.22.3-2_iphoneos-arm/DEBIAN/control' contains user-defined field `Depiction'
warning, `.resources/uncompiled-packages/apt.1nternist.groff-base_1.22.3-2_iphoneos-arm/DEBIAN/control' contains user-defined field `dev'
warning, `.resources/uncompiled-packages/apt.1nternist.groff-base_1.22.3-2_iphoneos-arm/DEBIAN/control' contains user-defined field `Name'
warning, `.resources/uncompiled-packages/apt.1nternist.groff-base_1.22.3-2_iphoneos-arm/DEBIAN/control' contains user-defined field `Sponsor'
dpkg-deb: ignoring 5 warnings about the control file(s)
dpkg-deb: building package `apt.1nternist.groff-base' in `debs/apt.1nternist.groff-base_1.22.3-2_iphoneos-arm.deb'.
warning, `.resources/uncompiled-packages/apt.1nternist.groovesharkenhancer_2.7.5_iphoneos-arm/DEBIAN/control' contains user-defined field `Author'
warning, `.resources/uncompiled-packages/apt.1nternist.groovesharkenhancer_2.7.5_iphoneos-arm/DEBIAN/control' contains user-defined field `Sponsor'
warning, `.resources/uncompiled-packages/apt.1nternist.groovesharkenhancer_2.7.5_iphoneos-arm/DEBIAN/control' contains user-defined field `Name'
dpkg-deb: ignoring 3 warnings about the control file(s)
dpkg-deb: building package `apt.1nternist.groovesharkenhancer' in `debs/apt.1nternist.groovesharkenhancer_2.7.5_iphoneos-arm.deb'.
warning, `.resources/uncompiled-packages/apt.1nternist.hardon_1.0_iphoneos-arm/DEBIAN/control' contains user-defined field `Author'
warning, `.resources/uncompiled-packages/apt.1nternist.hardon_1.0_iphoneos-arm/DEBIAN/control' contains user-defined field `Name'
dpkg-deb: ignoring 2 warnings about the control file(s)
dpkg-deb: building package `apt.1nternist.hardon' in `debs/apt.1nternist.hardon_1.0_iphoneos-arm.deb'.
warning, `.resources/uncompiled-packages/apt.1nternist.harrisonap-list_1.0_iphoneos-arm/DEBIAN/control' contains user-defined field `Sponsor'
warning, `.resources/uncompiled-packages/apt.1nternist.harrisonap-list_1.0_iphoneos-arm/DEBIAN/control' contains user-defined field `Name'
warning, `.resources/uncompiled-packages/apt.1nternist.harrisonap-list_1.0_iphoneos-arm/DEBIAN/control' contains user-defined field `Depiction'
warning, `.resources/uncompiled-packages/apt.1nternist.harrisonap-list_1.0_iphoneos-arm/DEBIAN/control' contains user-defined field `Author'
dpkg-deb: ignoring 4 warnings about the control file(s)
dpkg-deb: building package `apt.1nternist.harrisonap-list' in `debs/apt.1nternist.harrisonap-list_1.0_iphoneos-arm.deb'.
warning, `.resources/uncompiled-packages/apt.1nternist.hln_0.1_iphoneos-arm/DEBIAN/control' contains user-defined field `Name'
warning, `.resources/uncompiled-packages/apt.1nternist.hln_0.1_iphoneos-arm/DEBIAN/control' contains user-defined field `Sponsor'
dpkg-deb: ignoring 2 warnings about the control file(s)
dpkg-deb: building package `apt.1nternist.hln' in `debs/apt.1nternist.hln_0.1_iphoneos-arm.deb'.
warning, `.resources/uncompiled-packages/apt.1nternist.houseringtones_1.0_iphoneos-arm/DEBIAN/control' contains user-defined field `Author'
warning, `.resources/uncompiled-packages/apt.1nternist.houseringtones_1.0_iphoneos-arm/DEBIAN/control' contains user-defined field `Name'
dpkg-deb: ignoring 2 warnings about the control file(s)
dpkg-deb: building package `apt.1nternist.houseringtones' in `debs/apt.1nternist.houseringtones_1.0_iphoneos-arm.deb'.
warning, `.resources/uncompiled-packages/apt.1nternist.hunterbeck-list_1.0_iphoneos-arm/DEBIAN/control' contains user-defined field `Sponsor'
warning, `.resources/uncompiled-packages/apt.1nternist.hunterbeck-list_1.0_iphoneos-arm/DEBIAN/control' contains user-defined field `Name'
warning, `.resources/uncompiled-packages/apt.1nternist.hunterbeck-list_1.0_iphoneos-arm/DEBIAN/control' contains user-defined field `Depiction'
warning, `.resources/uncompiled-packages/apt.1nternist.hunterbeck-list_1.0_iphoneos-arm/DEBIAN/control' contains user-defined field `Author'
dpkg-deb: ignoring 4 warnings about the control file(s)
dpkg-deb: building package `apt.1nternist.hunterbeck-list' in `debs/apt.1nternist.hunterbeck-list_1.0_iphoneos-arm.deb'.
warning, `.resources/uncompiled-packages/apt.1nternist.iapcracker-list_1.0_iphoneos-arm/DEBIAN/control' contains user-defined field `Sponsor'
warning, `.resources/uncompiled-packages/apt.1nternist.iapcracker-list_1.0_iphoneos-arm/DEBIAN/control' contains user-defined field `Name'
warning, `.resources/uncompiled-packages/apt.1nternist.iapcracker-list_1.0_iphoneos-arm/DEBIAN/control' contains user-defined field `Depiction'
warning, `.resources/uncompiled-packages/apt.1nternist.iapcracker-list_1.0_iphoneos-arm/DEBIAN/control' contains user-defined field `Author'
dpkg-deb: ignoring 4 warnings about the control file(s)
dpkg-deb: building package `apt.1nternist.iapcracker-list' in `debs/apt.1nternist.iapcracker-list_1.0_iphoneos-arm.deb'.
warning, `.resources/uncompiled-packages/apt.1nternist.icausefxre-list_1.0_iphoneos-arm/DEBIAN/control' contains user-defined field `Sponsor'
warning, `.resources/uncompiled-packages/apt.1nternist.icausefxre-list_1.0_iphoneos-arm/DEBIAN/control' contains user-defined field `Name'
warning, `.resources/uncompiled-packages/apt.1nternist.icausefxre-list_1.0_iphoneos-arm/DEBIAN/control' contains user-defined field `Depiction'
warning, `.resources/uncompiled-packages/apt.1nternist.icausefxre-list_1.0_iphoneos-arm/DEBIAN/control' contains user-defined field `Author'
dpkg-deb: ignoring 4 warnings about the control file(s)
dpkg-deb: building package `apt.1nternist.icausefxre-list' in `debs/apt.1nternist.icausefxre-list_1.0_iphoneos-arm.deb'.
warning, `.resources/uncompiled-packages/apt.1nternist.icy_2.3_iphoneos-arm/DEBIAN/control' contains user-defined field `Name'
warning, `.resources/uncompiled-packages/apt.1nternist.icy_2.3_iphoneos-arm/DEBIAN/control' contains user-defined field `Author'
warning, `.resources/uncompiled-packages/apt.1nternist.icy_2.3_iphoneos-arm/DEBIAN/control' contains user-defined field `Sponsor'
dpkg-deb: ignoring 3 warnings about the control file(s)
dpkg-deb: building package `apt.1nternist.icy' in `debs/apt.1nternist.icy_2.3_iphoneos-arm.deb'.
warning, `.resources/uncompiled-packages/apt.1nternist.idwaneorep-list_1.0_iphoneos-arm/DEBIAN/control' contains user-defined field `Sponsor'
warning, `.resources/uncompiled-packages/apt.1nternist.idwaneorep-list_1.0_iphoneos-arm/DEBIAN/control' contains user-defined field `Name'
warning, `.resources/uncompiled-packages/apt.1nternist.idwaneorep-list_1.0_iphoneos-arm/DEBIAN/control' contains user-defined field `Depiction'
warning, `.resources/uncompiled-packages/apt.1nternist.idwaneorep-list_1.0_iphoneos-arm/DEBIAN/control' contains user-defined field `Author'
dpkg-deb: ignoring 4 warnings about the control file(s)
dpkg-deb: building package `apt.1nternist.idwaneorep-list' in `debs/apt.1nternist.idwaneorep-list_1.0_iphoneos-arm.deb'.
warning, `.resources/uncompiled-packages/apt.1nternist.ifoundadildo_1.0_iphoneos-arm/DEBIAN/control' contains user-defined field `Author'
warning, `.resources/uncompiled-packages/apt.1nternist.ifoundadildo_1.0_iphoneos-arm/DEBIAN/control' contains user-defined field `Name'
dpkg-deb: ignoring 2 warnings about the control file(s)
dpkg-deb: building package `apt.1nternist.ifoundadildo' in `debs/apt.1nternist.ifoundadildo_1.0_iphoneos-arm.deb'.
warning, `.resources/uncompiled-packages/apt.1nternist.ijappurl_3.0_iphoneos-arm/DEBIAN/control' contains user-defined field `Author'
warning, `.resources/uncompiled-packages/apt.1nternist.ijappurl_3.0_iphoneos-arm/DEBIAN/control' contains user-defined field `Depiction'
warning, `.resources/uncompiled-packages/apt.1nternist.ijappurl_3.0_iphoneos-arm/DEBIAN/control' contains user-defined field `Name'
warning, `.resources/uncompiled-packages/apt.1nternist.ijappurl_3.0_iphoneos-arm/DEBIAN/control' contains user-defined field `Sponsor'
dpkg-deb: ignoring 4 warnings about the control file(s)
dpkg-deb: building package `apt.1nternist.ijappurl' in `debs/apt.1nternist.ijappurl_3.0_iphoneos-arm.deb'.
warning, `.resources/uncompiled-packages/apt.1nternist.ilexinfore-list_1.0_iphoneos-arm/DEBIAN/control' contains user-defined field `Sponsor'
warning, `.resources/uncompiled-packages/apt.1nternist.ilexinfore-list_1.0_iphoneos-arm/DEBIAN/control' contains user-defined field `Name'
warning, `.resources/uncompiled-packages/apt.1nternist.ilexinfore-list_1.0_iphoneos-arm/DEBIAN/control' contains user-defined field `Depiction'
warning, `.resources/uncompiled-packages/apt.1nternist.ilexinfore-list_1.0_iphoneos-arm/DEBIAN/control' contains user-defined field `Author'
dpkg-deb: ignoring 4 warnings about the control file(s)
dpkg-deb: building package `apt.1nternist.ilexinfore-list' in `debs/apt.1nternist.ilexinfore-list_1.0_iphoneos-arm.deb'.
warning, `.resources/uncompiled-packages/apt.1nternist.ilexrepo-list_1.0_iphoneos-arm/DEBIAN/control' contains user-defined field `Sponsor'
warning, `.resources/uncompiled-packages/apt.1nternist.ilexrepo-list_1.0_iphoneos-arm/DEBIAN/control' contains user-defined field `Name'
warning, `.resources/uncompiled-packages/apt.1nternist.ilexrepo-list_1.0_iphoneos-arm/DEBIAN/control' contains user-defined field `Depiction'
warning, `.resources/uncompiled-packages/apt.1nternist.ilexrepo-list_1.0_iphoneos-arm/DEBIAN/control' contains user-defined field `Author'
dpkg-deb: ignoring 4 warnings about the control file(s)
dpkg-deb: building package `apt.1nternist.ilexrepo-list' in `debs/apt.1nternist.ilexrepo-list_1.0_iphoneos-arm.deb'.
warning, `.resources/uncompiled-packages/apt.1nternist.iminionsiwidgetpack_1.1_iphoneos-arm/DEBIAN/control' contains user-defined field `Author'
warning, `.resources/uncompiled-packages/apt.1nternist.iminionsiwidgetpack_1.1_iphoneos-arm/DEBIAN/control' contains user-defined field `Depiction'
warning, `.resources/uncompiled-packages/apt.1nternist.iminionsiwidgetpack_1.1_iphoneos-arm/DEBIAN/control' contains user-defined field `Name'
warning, `.resources/uncompiled-packages/apt.1nternist.iminionsiwidgetpack_1.1_iphoneos-arm/DEBIAN/control' contains user-defined field `Sponsor'
dpkg-deb: ignoring 4 warnings about the control file(s)
dpkg-deb: building package `apt.1nternist.iminionsiwidgetpack' in `debs/apt.1nternist.iminionsiwidgetpack_1.1_iphoneos-arm.deb'.
warning, `.resources/uncompiled-packages/apt.1nternist.infotap_1.1_iphoneos-arm/DEBIAN/control' contains user-defined field `Name'
warning, `.resources/uncompiled-packages/apt.1nternist.infotap_1.1_iphoneos-arm/DEBIAN/control' contains user-defined field `Author'
dpkg-deb: ignoring 2 warnings about the control file(s)
dpkg-deb: building package `apt.1nternist.infotap' in `debs/apt.1nternist.infotap_1.1_iphoneos-arm.deb'.
warning, `.resources/uncompiled-packages/apt.1nternist.ininjasrep-list_1.0_iphoneos-arm/DEBIAN/control' contains user-defined field `Sponsor'
warning, `.resources/uncompiled-packages/apt.1nternist.ininjasrep-list_1.0_iphoneos-arm/DEBIAN/control' contains user-defined field `Name'
warning, `.resources/uncompiled-packages/apt.1nternist.ininjasrep-list_1.0_iphoneos-arm/DEBIAN/control' contains user-defined field `Depiction'
warning, `.resources/uncompiled-packages/apt.1nternist.ininjasrep-list_1.0_iphoneos-arm/DEBIAN/control' contains user-defined field `Author'
dpkg-deb: ignoring 4 warnings about the control file(s)
dpkg-deb: building package `apt.1nternist.ininjasrep-list' in `debs/apt.1nternist.ininjasrep-list_1.0_iphoneos-arm.deb'.
warning, `.resources/uncompiled-packages/apt.1nternist.installipa_3.3-1_iphoneos-arm/DEBIAN/control' contains user-defined field `Name'
warning, `.resources/uncompiled-packages/apt.1nternist.installipa_3.3-1_iphoneos-arm/DEBIAN/control' contains user-defined field `Author'
warning, `.resources/uncompiled-packages/apt.1nternist.installipa_3.3-1_iphoneos-arm/DEBIAN/control' contains user-defined field `Sponsor'
warning, `.resources/uncompiled-packages/apt.1nternist.installipa_3.3-1_iphoneos-arm/DEBIAN/control' contains user-defined field `dev'
dpkg-deb: ignoring 4 warnings about the control file(s)
dpkg-deb: building package `apt.1nternist.installipa' in `debs/apt.1nternist.installipa_3.3-1_iphoneos-arm.deb'.
warning, `.resources/uncompiled-packages/apt.1nternist.ios-webstack-patcher_0.1-2_iphoneos-arm/DEBIAN/control' contains user-defined field `Sponsor'
warning, `.resources/uncompiled-packages/apt.1nternist.ios-webstack-patcher_0.1-2_iphoneos-arm/DEBIAN/control' contains user-defined field `Role'
warning, `.resources/uncompiled-packages/apt.1nternist.ios-webstack-patcher_0.1-2_iphoneos-arm/DEBIAN/control' contains user-defined field `Author'
dpkg-deb: ignoring 3 warnings about the control file(s)
dpkg-deb: building package `apt.1nternist.ios-webstack-patcher' in `debs/apt.1nternist.ios-webstack-patcher_0.1-2_iphoneos-arm.deb'.
warning, `.resources/uncompiled-packages/apt.1nternist.ios7reposi-list_1.1_iphoneos-arm/DEBIAN/control' contains user-defined field `Author'
warning, `.resources/uncompiled-packages/apt.1nternist.ios7reposi-list_1.1_iphoneos-arm/DEBIAN/control' contains user-defined field `Depiction'
warning, `.resources/uncompiled-packages/apt.1nternist.ios7reposi-list_1.1_iphoneos-arm/DEBIAN/control' contains user-defined field `Name'
warning, `.resources/uncompiled-packages/apt.1nternist.ios7reposi-list_1.1_iphoneos-arm/DEBIAN/control' contains user-defined field `Sponsor'
dpkg-deb: ignoring 4 warnings about the control file(s)
dpkg-deb: building package `apt.1nternist.ios7reposi-list' in `debs/apt.1nternist.ios7reposi-list_1.1_iphoneos-arm.deb'.
warning, `.resources/uncompiled-packages/apt.1nternist.ios7sequelae_1.3.1_iphoneos-arm/DEBIAN/control' contains user-defined field `Author'
warning, `.resources/uncompiled-packages/apt.1nternist.ios7sequelae_1.3.1_iphoneos-arm/DEBIAN/control' contains user-defined field `Name'
dpkg-deb: ignoring 2 warnings about the control file(s)
dpkg-deb: building package `apt.1nternist.ios7sequelae' in `debs/apt.1nternist.ios7sequelae_1.3.1_iphoneos-arm.deb'.
warning, `.resources/uncompiled-packages/apt.1nternist.ios7sequelaewallpaper_1.2_iphoneos-arm/DEBIAN/control' contains user-defined field `Author'
warning, `.resources/uncompiled-packages/apt.1nternist.ios7sequelaewallpaper_1.2_iphoneos-arm/DEBIAN/control' contains user-defined field `Name'
dpkg-deb: ignoring 2 warnings about the control file(s)
dpkg-deb: building package `apt.1nternist.ios7sequelaewallpaper' in `debs/apt.1nternist.ios7sequelaewallpaper_1.2_iphoneos-arm.deb'.
warning, `.resources/uncompiled-packages/apt.1nternist.ios7wallpaperpack_1.0_iphoneos-arm/DEBIAN/control' contains user-defined field `Author'
warning, `.resources/uncompiled-packages/apt.1nternist.ios7wallpaperpack_1.0_iphoneos-arm/DEBIAN/control' contains user-defined field `Name'
dpkg-deb: ignoring 2 warnings about the control file(s)
dpkg-deb: building package `apt.1nternist.ios7wallpaperpack' in `debs/apt.1nternist.ios7wallpaperpack_1.0_iphoneos-arm.deb'.
warning, `.resources/uncompiled-packages/apt.1nternist.ios8themefixscript_1.1_iphoneos-arm/DEBIAN/control' contains user-defined field `Author'
warning, `.resources/uncompiled-packages/apt.1nternist.ios8themefixscript_1.1_iphoneos-arm/DEBIAN/control' contains user-defined field `Name'
dpkg-deb: ignoring 2 warnings about the control file(s)
dpkg-deb: building package `apt.1nternist.ios8themefixscript' in `debs/apt.1nternist.ios8themefixscript_1.1_iphoneos-arm.deb'.
warning, `.resources/uncompiled-packages/apt.1nternist.iosjedizeppelin_1.0_iphoneos-arm/DEBIAN/control' contains user-defined field `Author'
warning, `.resources/uncompiled-packages/apt.1nternist.iosjedizeppelin_1.0_iphoneos-arm/DEBIAN/control' contains user-defined field `Name'
dpkg-deb: ignoring 2 warnings about the control file(s)
dpkg-deb: building package `apt.1nternist.iosjedizeppelin' in `debs/apt.1nternist.iosjedizeppelin_1.0_iphoneos-arm.deb'.
warning, `.resources/uncompiled-packages/apt.1nternist.ipadwallpaperpack1_1.0_iphoneos-arm/DEBIAN/control' contains user-defined field `Author'
warning, `.resources/uncompiled-packages/apt.1nternist.ipadwallpaperpack1_1.0_iphoneos-arm/DEBIAN/control' contains user-defined field `Name'
dpkg-deb: ignoring 2 warnings about the control file(s)
dpkg-deb: building package `apt.1nternist.ipadwallpaperpack1' in `debs/apt.1nternist.ipadwallpaperpack1_1.0_iphoneos-arm.deb'.
warning, `.resources/uncompiled-packages/apt.1nternist.ipadwallpaperpack2_1.0_iphoneos-arm/DEBIAN/control' contains user-defined field `Author'
warning, `.resources/uncompiled-packages/apt.1nternist.ipadwallpaperpack2_1.0_iphoneos-arm/DEBIAN/control' contains user-defined field `Name'
dpkg-deb: ignoring 2 warnings about the control file(s)
dpkg-deb: building package `apt.1nternist.ipadwallpaperpack2' in `debs/apt.1nternist.ipadwallpaperpack2_1.0_iphoneos-arm.deb'.
warning, `.resources/uncompiled-packages/apt.1nternist.ipadwallpaperpack3_1.0_iphoneos-arm/DEBIAN/control' contains user-defined field `Author'
warning, `.resources/uncompiled-packages/apt.1nternist.ipadwallpaperpack3_1.0_iphoneos-arm/DEBIAN/control' contains user-defined field `Name'
dpkg-deb: ignoring 2 warnings about the control file(s)
dpkg-deb: building package `apt.1nternist.ipadwallpaperpack3' in `debs/apt.1nternist.ipadwallpaperpack3_1.0_iphoneos-arm.deb'.
warning, `.resources/uncompiled-packages/apt.1nternist.ipadwallpaperpack4_1.0_iphoneos-arm/DEBIAN/control' contains user-defined field `Author'
warning, `.resources/uncompiled-packages/apt.1nternist.ipadwallpaperpack4_1.0_iphoneos-arm/DEBIAN/control' contains user-defined field `Name'
dpkg-deb: ignoring 2 warnings about the control file(s)
dpkg-deb: building package `apt.1nternist.ipadwallpaperpack4' in `debs/apt.1nternist.ipadwallpaperpack4_1.0_iphoneos-arm.deb'.
warning, `.resources/uncompiled-packages/apt.1nternist.ipadwallpaperpack5_1.0_iphoneos-arm/DEBIAN/control' contains user-defined field `Author'
warning, `.resources/uncompiled-packages/apt.1nternist.ipadwallpaperpack5_1.0_iphoneos-arm/DEBIAN/control' contains user-defined field `Name'
dpkg-deb: ignoring 2 warnings about the control file(s)
dpkg-deb: building package `apt.1nternist.ipadwallpaperpack5' in `debs/apt.1nternist.ipadwallpaperpack5_1.0_iphoneos-arm.deb'.
warning, `.resources/uncompiled-packages/apt.1nternist.ipadwallpaperpack6_1.0_iphoneos-arm/DEBIAN/control' contains user-defined field `Author'
warning, `.resources/uncompiled-packages/apt.1nternist.ipadwallpaperpack6_1.0_iphoneos-arm/DEBIAN/control' contains user-defined field `Name'
dpkg-deb: ignoring 2 warnings about the control file(s)
dpkg-deb: building package `apt.1nternist.ipadwallpaperpack6' in `debs/apt.1nternist.ipadwallpaperpack6_1.0_iphoneos-arm.deb'.
warning, `.resources/uncompiled-packages/apt.1nternist.ipainstallerurlscheme-enabler_1.1_iphoneos-arm/DEBIAN/control' contains user-defined field `Author'
warning, `.resources/uncompiled-packages/apt.1nternist.ipainstallerurlscheme-enabler_1.1_iphoneos-arm/DEBIAN/control' contains user-defined field `Name'
warning, `.resources/uncompiled-packages/apt.1nternist.ipainstallerurlscheme-enabler_1.1_iphoneos-arm/DEBIAN/control' contains user-defined field `Sponsor'
dpkg-deb: ignoring 3 warnings about the control file(s)
dpkg-deb: building package `apt.1nternist.ipainstallerurlscheme-enabler' in `debs/apt.1nternist.ipainstallerurlscheme-enabler_1.1_iphoneos-arm.deb'.
warning, `.resources/uncompiled-packages/apt.1nternist.iphonecake-list_1.0_iphoneos-arm/DEBIAN/control' contains user-defined field `Sponsor'
warning, `.resources/uncompiled-packages/apt.1nternist.iphonecake-list_1.0_iphoneos-arm/DEBIAN/control' contains user-defined field `Name'
warning, `.resources/uncompiled-packages/apt.1nternist.iphonecake-list_1.0_iphoneos-arm/DEBIAN/control' contains user-defined field `Depiction'
warning, `.resources/uncompiled-packages/apt.1nternist.iphonecake-list_1.0_iphoneos-arm/DEBIAN/control' contains user-defined field `Author'
dpkg-deb: ignoring 4 warnings about the control file(s)
dpkg-deb: building package `apt.1nternist.iphonecake-list' in `debs/apt.1nternist.iphonecake-list_1.0_iphoneos-arm.deb'.
warning, `.resources/uncompiled-packages/apt.1nternist.irepo_1.3.1-1_iphoneos-arm/DEBIAN/control' contains user-defined field `Name'
warning, `.resources/uncompiled-packages/apt.1nternist.irepo_1.3.1-1_iphoneos-arm/DEBIAN/control' contains user-defined field `Depiction'
warning, `.resources/uncompiled-packages/apt.1nternist.irepo_1.3.1-1_iphoneos-arm/DEBIAN/control' contains user-defined field `Author'
warning, `.resources/uncompiled-packages/apt.1nternist.irepo_1.3.1-1_iphoneos-arm/DEBIAN/control' contains user-defined field `Sponsor'
warning, `.resources/uncompiled-packages/apt.1nternist.irepo_1.3.1-1_iphoneos-arm/DEBIAN/control' contains user-defined field `Icon'
dpkg-deb: ignoring 5 warnings about the control file(s)
dpkg-deb: building package `apt.1nternist.irepo' in `debs/apt.1nternist.irepo_1.3.1-1_iphoneos-arm.deb'.
warning, `.resources/uncompiled-packages/apt.1nternist.iringtone4_4.0.4_iphoneos-arm/DEBIAN/control' contains user-defined field `Author'
warning, `.resources/uncompiled-packages/apt.1nternist.iringtone4_4.0.4_iphoneos-arm/DEBIAN/control' contains user-defined field `Icon'
warning, `.resources/uncompiled-packages/apt.1nternist.iringtone4_4.0.4_iphoneos-arm/DEBIAN/control' contains user-defined field `Name'
dpkg-deb: ignoring 3 warnings about the control file(s)
dpkg-deb: building package `apt.1nternist.iringtone4' in `debs/apt.1nternist.iringtone4_4.0.4_iphoneos-arm.deb'.
warning, `.resources/uncompiled-packages/apt.1nternist.julioskype-list_1.0_iphoneos-arm/DEBIAN/control' contains user-defined field `Sponsor'
warning, `.resources/uncompiled-packages/apt.1nternist.julioskype-list_1.0_iphoneos-arm/DEBIAN/control' contains user-defined field `Name'
warning, `.resources/uncompiled-packages/apt.1nternist.julioskype-list_1.0_iphoneos-arm/DEBIAN/control' contains user-defined field `Depiction'
warning, `.resources/uncompiled-packages/apt.1nternist.julioskype-list_1.0_iphoneos-arm/DEBIAN/control' contains user-defined field `Author'
dpkg-deb: ignoring 4 warnings about the control file(s)
dpkg-deb: building package `apt.1nternist.julioskype-list' in `debs/apt.1nternist.julioskype-list_1.0_iphoneos-arm.deb'.
warning, `.resources/uncompiled-packages/apt.1nternist.libdpkg-perl_1.16.15-8_iphoneos-arm/DEBIAN/control' contains user-defined field `Author'
warning, `.resources/uncompiled-packages/apt.1nternist.libdpkg-perl_1.16.15-8_iphoneos-arm/DEBIAN/control' contains user-defined field `Sponsor'
warning, `.resources/uncompiled-packages/apt.1nternist.libdpkg-perl_1.16.15-8_iphoneos-arm/DEBIAN/control' contains user-defined field `Name'
dpkg-deb: ignoring 3 warnings about the control file(s)
dpkg-deb: building package `apt.1nternist.libdpkg-perl' in `debs/apt.1nternist.libdpkg-perl_1.16.15-8_iphoneos-arm.deb'.
warning, `.resources/uncompiled-packages/apt.1nternist.libfreetype_2.4.11-5_iphoneos-arm/DEBIAN/control' contains user-defined field `Sponsor'
warning, `.resources/uncompiled-packages/apt.1nternist.libfreetype_2.4.11-5_iphoneos-arm/DEBIAN/control' contains user-defined field `Role'
warning, `.resources/uncompiled-packages/apt.1nternist.libfreetype_2.4.11-5_iphoneos-arm/DEBIAN/control' contains user-defined field `Name'
dpkg-deb: ignoring 3 warnings about the control file(s)
dpkg-deb: building package `apt.1nternist.libfreetype' in `debs/apt.1nternist.libfreetype_2.4.11-5_iphoneos-arm.deb'.
warning, `.resources/uncompiled-packages/apt.1nternist.libjpeg_8d-1-5_iphoneos-arm/DEBIAN/control' contains user-defined field `Sponsor'
warning, `.resources/uncompiled-packages/apt.1nternist.libjpeg_8d-1-5_iphoneos-arm/DEBIAN/control' contains user-defined field `Role'
warning, `.resources/uncompiled-packages/apt.1nternist.libjpeg_8d-1-5_iphoneos-arm/DEBIAN/control' contains user-defined field `Author'
dpkg-deb: ignoring 3 warnings about the control file(s)
dpkg-deb: building package `apt.1nternist.libjpeg' in `debs/apt.1nternist.libjpeg_8d-1-5_iphoneos-arm.deb'.
warning, `.resources/uncompiled-packages/apt.1nternist.libmcrypt_2.6.8-5_iphoneos-arm/DEBIAN/control' contains user-defined field `Sponsor'
warning, `.resources/uncompiled-packages/apt.1nternist.libmcrypt_2.6.8-5_iphoneos-arm/DEBIAN/control' contains user-defined field `Role'
warning, `.resources/uncompiled-packages/apt.1nternist.libmcrypt_2.6.8-5_iphoneos-arm/DEBIAN/control' contains user-defined field `Author'
dpkg-deb: ignoring 3 warnings about the control file(s)
dpkg-deb: building package `apt.1nternist.libmcrypt' in `debs/apt.1nternist.libmcrypt_2.6.8-5_iphoneos-arm.deb'.
warning, `.resources/uncompiled-packages/apt.1nternist.libpipeline_1.4.1-2_iphoneos-arm/DEBIAN/control' contains user-defined field `Author'
warning, `.resources/uncompiled-packages/apt.1nternist.libpipeline_1.4.1-2_iphoneos-arm/DEBIAN/control' contains user-defined field `Depiction'
warning, `.resources/uncompiled-packages/apt.1nternist.libpipeline_1.4.1-2_iphoneos-arm/DEBIAN/control' contains user-defined field `dev'
warning, `.resources/uncompiled-packages/apt.1nternist.libpipeline_1.4.1-2_iphoneos-arm/DEBIAN/control' contains user-defined field `Name'
warning, `.resources/uncompiled-packages/apt.1nternist.libpipeline_1.4.1-2_iphoneos-arm/DEBIAN/control' contains user-defined field `Sponsor'
dpkg-deb: ignoring 5 warnings about the control file(s)
dpkg-deb: building package `apt.1nternist.libpipeline' in `debs/apt.1nternist.libpipeline_1.4.1-2_iphoneos-arm.deb'.
warning, `.resources/uncompiled-packages/apt.1nternist.libpng_1.2.50-5_iphoneos-arm/DEBIAN/control' contains user-defined field `Sponsor'
warning, `.resources/uncompiled-packages/apt.1nternist.libpng_1.2.50-5_iphoneos-arm/DEBIAN/control' contains user-defined field `Role'
warning, `.resources/uncompiled-packages/apt.1nternist.libpng_1.2.50-5_iphoneos-arm/DEBIAN/control' contains user-defined field `Author'
dpkg-deb: ignoring 3 warnings about the control file(s)
dpkg-deb: building package `apt.1nternist.libpng' in `debs/apt.1nternist.libpng_1.2.50-5_iphoneos-arm.deb'.
warning, `.resources/uncompiled-packages/apt.1nternist.libtiff_4.0.3-5_iphoneos-arm/DEBIAN/control' contains user-defined field `Sponsor'
warning, `.resources/uncompiled-packages/apt.1nternist.libtiff_4.0.3-5_iphoneos-arm/DEBIAN/control' contains user-defined field `Role'
warning, `.resources/uncompiled-packages/apt.1nternist.libtiff_4.0.3-5_iphoneos-arm/DEBIAN/control' contains user-defined field `Name'
warning, `.resources/uncompiled-packages/apt.1nternist.libtiff_4.0.3-5_iphoneos-arm/DEBIAN/control' contains user-defined field `Author'
dpkg-deb: ignoring 4 warnings about the control file(s)
dpkg-deb: building package `apt.1nternist.libtiff' in `debs/apt.1nternist.libtiff_4.0.3-5_iphoneos-arm.deb'.
warning, `.resources/uncompiled-packages/apt.1nternist.libtimedate-perl_1.2000-6_iphoneos-arm/DEBIAN/control' contains user-defined field `Author'
warning, `.resources/uncompiled-packages/apt.1nternist.libtimedate-perl_1.2000-6_iphoneos-arm/DEBIAN/control' contains user-defined field `Name'
warning, `.resources/uncompiled-packages/apt.1nternist.libtimedate-perl_1.2000-6_iphoneos-arm/DEBIAN/control' contains user-defined field `Sponsor'
dpkg-deb: ignoring 3 warnings about the control file(s)
dpkg-deb: building package `apt.1nternist.libtimedate-perl' in `debs/apt.1nternist.libtimedate-perl_1.2000-6_iphoneos-arm.deb'.
warning, `.resources/uncompiled-packages/apt.1nternist.libtool_2.4.2-2_iphoneos-arm/DEBIAN/control' contains user-defined field `Author'
warning, `.resources/uncompiled-packages/apt.1nternist.libtool_2.4.2-2_iphoneos-arm/DEBIAN/control' contains user-defined field `dev'
warning, `.resources/uncompiled-packages/apt.1nternist.libtool_2.4.2-2_iphoneos-arm/DEBIAN/control' contains user-defined field `Name'
warning, `.resources/uncompiled-packages/apt.1nternist.libtool_2.4.2-2_iphoneos-arm/DEBIAN/control' contains user-defined field `Sponsor'
dpkg-deb: ignoring 4 warnings about the control file(s)
dpkg-deb: building package `apt.1nternist.libtool' in `debs/apt.1nternist.libtool_2.4.2-2_iphoneos-arm.deb'.
warning, `.resources/uncompiled-packages/apt.1nternist.libxml2_2.7.8_iphoneos-arm/DEBIAN/control' contains user-defined field `Name'
dpkg-deb: ignoring 1 warnings about the control file(s)
dpkg-deb: building package `apt.1nternist.libxml2' in `debs/apt.1nternist.libxml2_2.7.8_iphoneos-arm.deb'.
warning, `.resources/uncompiled-packages/apt.1nternist.lighttpd-tool_1.2-5_iphoneos-arm/DEBIAN/control' contains user-defined field `Author'
warning, `.resources/uncompiled-packages/apt.1nternist.lighttpd-tool_1.2-5_iphoneos-arm/DEBIAN/control' contains user-defined field `Name'
dpkg-deb: ignoring 2 warnings about the control file(s)
dpkg-deb: building package `apt.1nternist.lighttpd-tool' in `debs/apt.1nternist.lighttpd-tool_1.2-5_iphoneos-arm.deb'.
warning, `.resources/uncompiled-packages/apt.1nternist.lighttpdtoggles_1.0-2b1_iphoneos-arm/DEBIAN/control' contains user-defined field `Author'
warning, `.resources/uncompiled-packages/apt.1nternist.lighttpdtoggles_1.0-2b1_iphoneos-arm/DEBIAN/control' contains user-defined field `Name'
dpkg-deb: ignoring 2 warnings about the control file(s)
dpkg-deb: building package `apt.1nternist.lighttpdtoggles' in `debs/apt.1nternist.lighttpdtoggles_1.0-2b1_iphoneos-arm.deb'.
warning, in file `.resources/uncompiled-packages/apt.1nternist.localiapstoreios9_1.4-5_iphoneos-arm/DEBIAN/control' near line 9 package `apt.1nternist.localiapstoreios9':
 missing maintainer
warning, `.resources/uncompiled-packages/apt.1nternist.localiapstoreios9_1.4-5_iphoneos-arm/DEBIAN/control' contains user-defined field `Author'
warning, `.resources/uncompiled-packages/apt.1nternist.localiapstoreios9_1.4-5_iphoneos-arm/DEBIAN/control' contains user-defined field `Name'
dpkg-deb: ignoring 3 warnings about the control file(s)
dpkg-deb: building package `apt.1nternist.localiapstoreios9' in `debs/apt.1nternist.localiapstoreios9_1.4-5_iphoneos-arm.deb'.
warning, `.resources/uncompiled-packages/apt.1nternist.luminous-ipadoverlayfix_1.2_iphoneos-arm/DEBIAN/control' contains user-defined field `Author'
warning, `.resources/uncompiled-packages/apt.1nternist.luminous-ipadoverlayfix_1.2_iphoneos-arm/DEBIAN/control' contains user-defined field `Name'
dpkg-deb: ignoring 2 warnings about the control file(s)
dpkg-deb: building package `apt.1nternist.luminous-ipadoverlayfix' in `debs/apt.1nternist.luminous-ipadoverlayfix_1.2_iphoneos-arm.deb'.
warning, `.resources/uncompiled-packages/apt.1nternist.makedeb_2.7-1_iphoneos-arm/DEBIAN/control' contains user-defined field `Author'
warning, `.resources/uncompiled-packages/apt.1nternist.makedeb_2.7-1_iphoneos-arm/DEBIAN/control' contains user-defined field `Name'
dpkg-deb: ignoring 2 warnings about the control file(s)
dpkg-deb: building package `apt.1nternist.makedeb' in `debs/apt.1nternist.makedeb_2.7-1_iphoneos-arm.deb'.
warning, `.resources/uncompiled-packages/apt.1nternist.makeiconios7+_0.2_iphoneos-arm/DEBIAN/control' contains user-defined field `Author'
warning, `.resources/uncompiled-packages/apt.1nternist.makeiconios7+_0.2_iphoneos-arm/DEBIAN/control' contains user-defined field `Depiction'
warning, `.resources/uncompiled-packages/apt.1nternist.makeiconios7+_0.2_iphoneos-arm/DEBIAN/control' contains user-defined field `Name'
warning, `.resources/uncompiled-packages/apt.1nternist.makeiconios7+_0.2_iphoneos-arm/DEBIAN/control' contains user-defined field `Sponsor'
dpkg-deb: ignoring 4 warnings about the control file(s)
dpkg-deb: building package `apt.1nternist.makeiconios7+' in `debs/apt.1nternist.makeiconios7+_0.2_iphoneos-arm.deb'.
warning, `.resources/uncompiled-packages/apt.1nternist.man-db_2.7.5-3_iphoneos-arm/DEBIAN/control' contains user-defined field `Author'
warning, `.resources/uncompiled-packages/apt.1nternist.man-db_2.7.5-3_iphoneos-arm/DEBIAN/control' contains user-defined field `Depiction'
warning, `.resources/uncompiled-packages/apt.1nternist.man-db_2.7.5-3_iphoneos-arm/DEBIAN/control' contains user-defined field `dev'
warning, `.resources/uncompiled-packages/apt.1nternist.man-db_2.7.5-3_iphoneos-arm/DEBIAN/control' contains user-defined field `Name'
warning, `.resources/uncompiled-packages/apt.1nternist.man-db_2.7.5-3_iphoneos-arm/DEBIAN/control' contains user-defined field `Sponsor'
dpkg-deb: ignoring 5 warnings about the control file(s)
dpkg-deb: building package `apt.1nternist.man-db' in `debs/apt.1nternist.man-db_2.7.5-3_iphoneos-arm.deb'.
warning, `.resources/uncompiled-packages/apt.1nternist.mirepo_6.1.0_iphoneos-arm/DEBIAN/control' contains user-defined field `Author'
warning, `.resources/uncompiled-packages/apt.1nternist.mirepo_6.1.0_iphoneos-arm/DEBIAN/control' contains user-defined field `Name'
dpkg-deb: ignoring 2 warnings about the control file(s)
dpkg-deb: building package `apt.1nternist.mirepo' in `debs/apt.1nternist.mirepo_6.1.0_iphoneos-arm.deb'.
warning, `.resources/uncompiled-packages/apt.1nternist.mobileterminal-applesdk7_520-4_iphoneos-arm/DEBIAN/control' contains user-defined field `Name'
warning, `.resources/uncompiled-packages/apt.1nternist.mobileterminal-applesdk7_520-4_iphoneos-arm/DEBIAN/control' contains user-defined field `Author'
warning, `.resources/uncompiled-packages/apt.1nternist.mobileterminal-applesdk7_520-4_iphoneos-arm/DEBIAN/control' contains user-defined field `Sponsor'
dpkg-deb: ignoring 3 warnings about the control file(s)
dpkg-deb: building package `apt.1nternist.mobileterminal-applesdk7' in `debs/apt.1nternist.mobileterminal-applesdk7_520-4_iphoneos-arm.deb'.
warning, `.resources/uncompiled-packages/apt.1nternist.mobileterminalios7_700-4_iphoneos-arm/DEBIAN/control' contains user-defined field `Author'
warning, `.resources/uncompiled-packages/apt.1nternist.mobileterminalios7_700-4_iphoneos-arm/DEBIAN/control' contains user-defined field `Icon'
warning, `.resources/uncompiled-packages/apt.1nternist.mobileterminalios7_700-4_iphoneos-arm/DEBIAN/control' contains user-defined field `Name'
warning, `.resources/uncompiled-packages/apt.1nternist.mobileterminalios7_700-4_iphoneos-arm/DEBIAN/control' contains user-defined field `Sponsor'
dpkg-deb: ignoring 4 warnings about the control file(s)
dpkg-deb: building package `apt.1nternist.mobileterminalios7' in `debs/apt.1nternist.mobileterminalios7_700-4_iphoneos-arm.deb'.
warning, `.resources/uncompiled-packages/apt.1nternist.mobileterminalios8_1.0.2-2_iphoneos-arm/DEBIAN/control' contains user-defined field `Author'
warning, `.resources/uncompiled-packages/apt.1nternist.mobileterminalios8_1.0.2-2_iphoneos-arm/DEBIAN/control' contains user-defined field `dev'
warning, `.resources/uncompiled-packages/apt.1nternist.mobileterminalios8_1.0.2-2_iphoneos-arm/DEBIAN/control' contains user-defined field `Icon'
warning, `.resources/uncompiled-packages/apt.1nternist.mobileterminalios8_1.0.2-2_iphoneos-arm/DEBIAN/control' contains user-defined field `Name'
warning, `.resources/uncompiled-packages/apt.1nternist.mobileterminalios8_1.0.2-2_iphoneos-arm/DEBIAN/control' contains user-defined field `Sponsor'
dpkg-deb: ignoring 5 warnings about the control file(s)
dpkg-deb: building package `apt.1nternist.mobileterminalios8' in `debs/apt.1nternist.mobileterminalios8_1.0.2-2_iphoneos-arm.deb'.
warning, `.resources/uncompiled-packages/apt.1nternist.mobileterminalplus_530-4_iphoneos-arm/DEBIAN/control' contains user-defined field `Author'
warning, `.resources/uncompiled-packages/apt.1nternist.mobileterminalplus_530-4_iphoneos-arm/DEBIAN/control' contains user-defined field `Name'
dpkg-deb: ignoring 2 warnings about the control file(s)
dpkg-deb: building package `apt.1nternist.mobileterminalplus' in `debs/apt.1nternist.mobileterminalplus_530-4_iphoneos-arm.deb'.
warning, `.resources/uncompiled-packages/apt.1nternist.mostannoyingringtone_1.0_iphoneos-arm/DEBIAN/control' contains user-defined field `Author'
warning, `.resources/uncompiled-packages/apt.1nternist.mostannoyingringtone_1.0_iphoneos-arm/DEBIAN/control' contains user-defined field `Name'
dpkg-deb: ignoring 2 warnings about the control file(s)
dpkg-deb: building package `apt.1nternist.mostannoyingringtone' in `debs/apt.1nternist.mostannoyingringtone_1.0_iphoneos-arm.deb'.
warning, `.resources/uncompiled-packages/apt.1nternist.musicgrab_0.5-1_iphoneos-arm/DEBIAN/control' contains user-defined field `Author'
warning, `.resources/uncompiled-packages/apt.1nternist.musicgrab_0.5-1_iphoneos-arm/DEBIAN/control' contains user-defined field `Name'
dpkg-deb: ignoring 2 warnings about the control file(s)
dpkg-deb: building package `apt.1nternist.musicgrab' in `debs/apt.1nternist.musicgrab_0.5-1_iphoneos-arm.deb'.
warning, `.resources/uncompiled-packages/apt.1nternist.myrepospac-list_1.0_iphoneos-arm/DEBIAN/control' contains user-defined field `Sponsor'
warning, `.resources/uncompiled-packages/apt.1nternist.myrepospac-list_1.0_iphoneos-arm/DEBIAN/control' contains user-defined field `Name'
warning, `.resources/uncompiled-packages/apt.1nternist.myrepospac-list_1.0_iphoneos-arm/DEBIAN/control' contains user-defined field `Depiction'
warning, `.resources/uncompiled-packages/apt.1nternist.myrepospac-list_1.0_iphoneos-arm/DEBIAN/control' contains user-defined field `Author'
dpkg-deb: ignoring 4 warnings about the control file(s)
dpkg-deb: building package `apt.1nternist.myrepospac-list' in `debs/apt.1nternist.myrepospac-list_1.0_iphoneos-arm.deb'.
warning, `.resources/uncompiled-packages/apt.1nternist.node_0.6.14_iphoneos-arm/DEBIAN/control' contains user-defined field `Author'
warning, `.resources/uncompiled-packages/apt.1nternist.node_0.6.14_iphoneos-arm/DEBIAN/control' contains user-defined field `Name'
warning, `.resources/uncompiled-packages/apt.1nternist.node_0.6.14_iphoneos-arm/DEBIAN/control' contains user-defined field `Sponsor'
dpkg-deb: ignoring 3 warnings about the control file(s)
dpkg-deb: building package `apt.1nternist.node' in `debs/apt.1nternist.node_0.6.14_iphoneos-arm.deb'.
warning, `.resources/uncompiled-packages/apt.1nternist.p0dulorepo-list_1.0_iphoneos-arm/DEBIAN/control' contains user-defined field `Sponsor'
warning, `.resources/uncompiled-packages/apt.1nternist.p0dulorepo-list_1.0_iphoneos-arm/DEBIAN/control' contains user-defined field `Name'
warning, `.resources/uncompiled-packages/apt.1nternist.p0dulorepo-list_1.0_iphoneos-arm/DEBIAN/control' contains user-defined field `Depiction'
warning, `.resources/uncompiled-packages/apt.1nternist.p0dulorepo-list_1.0_iphoneos-arm/DEBIAN/control' contains user-defined field `Author'
dpkg-deb: ignoring 4 warnings about the control file(s)
dpkg-deb: building package `apt.1nternist.p0dulorepo-list' in `debs/apt.1nternist.p0dulorepo-list_1.0_iphoneos-arm.deb'.
warning, `.resources/uncompiled-packages/apt.1nternist.pbasename_1.0-4_iphoneos-arm/DEBIAN/control' contains user-defined field `Name'
warning, `.resources/uncompiled-packages/apt.1nternist.pbasename_1.0-4_iphoneos-arm/DEBIAN/control' contains user-defined field `Sponsor'
warning, `.resources/uncompiled-packages/apt.1nternist.pbasename_1.0-4_iphoneos-arm/DEBIAN/control' contains user-defined field `Author'
dpkg-deb: ignoring 3 warnings about the control file(s)
dpkg-deb: building package `apt.1nternist.pbasename' in `debs/apt.1nternist.pbasename_1.0-4_iphoneos-arm.deb'.
warning, `.resources/uncompiled-packages/apt.1nternist.pcentcomp_1.0_iphoneos-arm/DEBIAN/control' contains user-defined field `Author'
warning, `.resources/uncompiled-packages/apt.1nternist.pcentcomp_1.0_iphoneos-arm/DEBIAN/control' contains user-defined field `Depiction'
warning, `.resources/uncompiled-packages/apt.1nternist.pcentcomp_1.0_iphoneos-arm/DEBIAN/control' contains user-defined field `Name'
warning, `.resources/uncompiled-packages/apt.1nternist.pcentcomp_1.0_iphoneos-arm/DEBIAN/control' contains user-defined field `Sponsor'
dpkg-deb: ignoring 4 warnings about the control file(s)
dpkg-deb: building package `apt.1nternist.pcentcomp' in `debs/apt.1nternist.pcentcomp_1.0_iphoneos-arm.deb'.
warning, `.resources/uncompiled-packages/apt.1nternist.pcentleft_1.0_iphoneos-arm/DEBIAN/control' contains user-defined field `Author'
warning, `.resources/uncompiled-packages/apt.1nternist.pcentleft_1.0_iphoneos-arm/DEBIAN/control' contains user-defined field `Depiction'
warning, `.resources/uncompiled-packages/apt.1nternist.pcentleft_1.0_iphoneos-arm/DEBIAN/control' contains user-defined field `Name'
warning, `.resources/uncompiled-packages/apt.1nternist.pcentleft_1.0_iphoneos-arm/DEBIAN/control' contains user-defined field `Sponsor'
dpkg-deb: ignoring 4 warnings about the control file(s)
dpkg-deb: building package `apt.1nternist.pcentleft' in `debs/apt.1nternist.pcentleft_1.0_iphoneos-arm.deb'.
warning, `.resources/uncompiled-packages/apt.1nternist.philippe97-list_1.0_iphoneos-arm/DEBIAN/control' contains user-defined field `Sponsor'
warning, `.resources/uncompiled-packages/apt.1nternist.philippe97-list_1.0_iphoneos-arm/DEBIAN/control' contains user-defined field `Name'
warning, `.resources/uncompiled-packages/apt.1nternist.philippe97-list_1.0_iphoneos-arm/DEBIAN/control' contains user-defined field `Depiction'
warning, `.resources/uncompiled-packages/apt.1nternist.philippe97-list_1.0_iphoneos-arm/DEBIAN/control' contains user-defined field `Author'
dpkg-deb: ignoring 4 warnings about the control file(s)
dpkg-deb: building package `apt.1nternist.philippe97-list' in `debs/apt.1nternist.philippe97-list_1.0_iphoneos-arm.deb'.
warning, `.resources/uncompiled-packages/apt.1nternist.phppod_4.0_iphoneos-arm/DEBIAN/control' contains user-defined field `Author'
warning, `.resources/uncompiled-packages/apt.1nternist.phppod_4.0_iphoneos-arm/DEBIAN/control' contains user-defined field `Name'
warning, `.resources/uncompiled-packages/apt.1nternist.phppod_4.0_iphoneos-arm/DEBIAN/control' contains user-defined field `Depiction'
warning, `.resources/uncompiled-packages/apt.1nternist.phppod_4.0_iphoneos-arm/DEBIAN/control' contains user-defined field `Sponsor'
warning, `.resources/uncompiled-packages/apt.1nternist.phppod_4.0_iphoneos-arm/DEBIAN/control' contains user-defined field `dev'
dpkg-deb: ignoring 5 warnings about the control file(s)
dpkg-deb: building package `apt.1nternist.phppod' in `debs/apt.1nternist.phppod_4.0_iphoneos-arm.deb'.
warning, `.resources/uncompiled-packages/apt.1nternist.po4a_0.45_iphoneos-arm/DEBIAN/control' contains user-defined field `Name'
warning, `.resources/uncompiled-packages/apt.1nternist.po4a_0.45_iphoneos-arm/DEBIAN/control' contains user-defined field `Author'
dpkg-deb: ignoring 2 warnings about the control file(s)
dpkg-deb: building package `apt.1nternist.po4a' in `debs/apt.1nternist.po4a_0.45_iphoneos-arm.deb'.
warning, `.resources/uncompiled-packages/apt.1nternist.pwntube_0.2_iphoneos-arm/DEBIAN/control' contains user-defined field `Name'
warning, `.resources/uncompiled-packages/apt.1nternist.pwntube_0.2_iphoneos-arm/DEBIAN/control' contains user-defined field `Author'
warning, `.resources/uncompiled-packages/apt.1nternist.pwntube_0.2_iphoneos-arm/DEBIAN/control' contains user-defined field `Depiction'
dpkg-deb: ignoring 3 warnings about the control file(s)
dpkg-deb: building package `apt.1nternist.pwntube' in `debs/apt.1nternist.pwntube_0.2_iphoneos-arm.deb'.
warning, `.resources/uncompiled-packages/apt.1nternist.rasticrac_3.1.6_iphoneos-arm/DEBIAN/control' contains user-defined field `Author'
warning, `.resources/uncompiled-packages/apt.1nternist.rasticrac_3.1.6_iphoneos-arm/DEBIAN/control' contains user-defined field `Name'
dpkg-deb: ignoring 2 warnings about the control file(s)
dpkg-deb: building package `apt.1nternist.rasticrac' in `debs/apt.1nternist.rasticrac_3.1.6_iphoneos-arm.deb'.
warning, `.resources/uncompiled-packages/apt.1nternist.repocydiac-list_1.0_iphoneos-arm/DEBIAN/control' contains user-defined field `Sponsor'
warning, `.resources/uncompiled-packages/apt.1nternist.repocydiac-list_1.0_iphoneos-arm/DEBIAN/control' contains user-defined field `Name'
warning, `.resources/uncompiled-packages/apt.1nternist.repocydiac-list_1.0_iphoneos-arm/DEBIAN/control' contains user-defined field `Depiction'
warning, `.resources/uncompiled-packages/apt.1nternist.repocydiac-list_1.0_iphoneos-arm/DEBIAN/control' contains user-defined field `Author'
dpkg-deb: ignoring 4 warnings about the control file(s)
dpkg-deb: building package `apt.1nternist.repocydiac-list' in `debs/apt.1nternist.repocydiac-list_1.0_iphoneos-arm.deb'.
warning, `.resources/uncompiled-packages/apt.1nternist.reposetup_1.006_iphoneos-arm/DEBIAN/control' contains user-defined field `Author'
warning, `.resources/uncompiled-packages/apt.1nternist.reposetup_1.006_iphoneos-arm/DEBIAN/control' contains user-defined field `Icon'
warning, `.resources/uncompiled-packages/apt.1nternist.reposetup_1.006_iphoneos-arm/DEBIAN/control' contains user-defined field `Name'
warning, `.resources/uncompiled-packages/apt.1nternist.reposetup_1.006_iphoneos-arm/DEBIAN/control' contains user-defined field `Sponsor'
dpkg-deb: ignoring 4 warnings about the control file(s)
dpkg-deb: building package `apt.1nternist.reposetup' in `debs/apt.1nternist.reposetup_1.006_iphoneos-arm.deb'.
warning, `.resources/uncompiled-packages/apt.1nternist.revealinstaller_1.1_iphoneos-arm/DEBIAN/control' contains user-defined field `Author'
warning, `.resources/uncompiled-packages/apt.1nternist.revealinstaller_1.1_iphoneos-arm/DEBIAN/control' contains user-defined field `Name'
dpkg-deb: ignoring 2 warnings about the control file(s)
dpkg-deb: building package `apt.1nternist.revealinstaller' in `debs/apt.1nternist.revealinstaller_1.1_iphoneos-arm.deb'.
warning, `.resources/uncompiled-packages/apt.1nternist.savannah-ipadoverlayfix_1.2_iphoneos-arm/DEBIAN/control' contains user-defined field `Author'
warning, `.resources/uncompiled-packages/apt.1nternist.savannah-ipadoverlayfix_1.2_iphoneos-arm/DEBIAN/control' contains user-defined field `Name'
dpkg-deb: ignoring 2 warnings about the control file(s)
dpkg-deb: building package `apt.1nternist.savannah-ipadoverlayfix' in `debs/apt.1nternist.savannah-ipadoverlayfix_1.2_iphoneos-arm.deb'.
warning, `.resources/uncompiled-packages/apt.1nternist.savannahlabelfix_1.0.2_iphoneos-arm/DEBIAN/control' contains user-defined field `Author'
warning, `.resources/uncompiled-packages/apt.1nternist.savannahlabelfix_1.0.2_iphoneos-arm/DEBIAN/control' contains user-defined field `Name'
dpkg-deb: ignoring 2 warnings about the control file(s)
dpkg-deb: building package `apt.1nternist.savannahlabelfix' in `debs/apt.1nternist.savannahlabelfix_1.0.2_iphoneos-arm.deb'.
warning, `.resources/uncompiled-packages/apt.1nternist.signalrefresh_1.4.1-1_iphoneos-arm/DEBIAN/control' contains user-defined field `Author'
warning, `.resources/uncompiled-packages/apt.1nternist.signalrefresh_1.4.1-1_iphoneos-arm/DEBIAN/control' contains user-defined field `Depiction'
warning, `.resources/uncompiled-packages/apt.1nternist.signalrefresh_1.4.1-1_iphoneos-arm/DEBIAN/control' contains user-defined field `dev'
warning, `.resources/uncompiled-packages/apt.1nternist.signalrefresh_1.4.1-1_iphoneos-arm/DEBIAN/control' contains user-defined field `Icon'
warning, `.resources/uncompiled-packages/apt.1nternist.signalrefresh_1.4.1-1_iphoneos-arm/DEBIAN/control' contains user-defined field `Name'
warning, `.resources/uncompiled-packages/apt.1nternist.signalrefresh_1.4.1-1_iphoneos-arm/DEBIAN/control' contains user-defined field `Sponsor'
dpkg-deb: ignoring 6 warnings about the control file(s)
dpkg-deb: building package `apt.1nternist.signalrefresh' in `debs/apt.1nternist.signalrefresh_1.4.1-1_iphoneos-arm.deb'.
warning, `.resources/uncompiled-packages/apt.1nternist.smolksmyre-list_1.0_iphoneos-arm/DEBIAN/control' contains user-defined field `Sponsor'
warning, `.resources/uncompiled-packages/apt.1nternist.smolksmyre-list_1.0_iphoneos-arm/DEBIAN/control' contains user-defined field `Name'
warning, `.resources/uncompiled-packages/apt.1nternist.smolksmyre-list_1.0_iphoneos-arm/DEBIAN/control' contains user-defined field `Depiction'
warning, `.resources/uncompiled-packages/apt.1nternist.smolksmyre-list_1.0_iphoneos-arm/DEBIAN/control' contains user-defined field `Author'
dpkg-deb: ignoring 4 warnings about the control file(s)
dpkg-deb: building package `apt.1nternist.smolksmyre-list' in `debs/apt.1nternist.smolksmyre-list_1.0_iphoneos-arm.deb'.
warning, `.resources/uncompiled-packages/apt.1nternist.soundoff_1.0_iphoneos-arm/DEBIAN/control' contains user-defined field `Author'
warning, `.resources/uncompiled-packages/apt.1nternist.soundoff_1.0_iphoneos-arm/DEBIAN/control' contains user-defined field `Name'
dpkg-deb: ignoring 2 warnings about the control file(s)
dpkg-deb: building package `apt.1nternist.soundoff' in `debs/apt.1nternist.soundoff_1.0_iphoneos-arm.deb'.
warning, `.resources/uncompiled-packages/apt.1nternist.sox_14.4.0-2_iphoneos-arm/DEBIAN/control' contains user-defined field `Name'
warning, `.resources/uncompiled-packages/apt.1nternist.sox_14.4.0-2_iphoneos-arm/DEBIAN/control' contains user-defined field `Author'
warning, `.resources/uncompiled-packages/apt.1nternist.sox_14.4.0-2_iphoneos-arm/DEBIAN/control' contains user-defined field `Sponsor'
dpkg-deb: ignoring 3 warnings about the control file(s)
dpkg-deb: building package `apt.1nternist.sox' in `debs/apt.1nternist.sox_14.4.0-2_iphoneos-arm.deb'.
warning, `.resources/uncompiled-packages/apt.1nternist.sudonopasswd_1.2_iphoneos-arm/DEBIAN/control' contains user-defined field `Author'
warning, `.resources/uncompiled-packages/apt.1nternist.sudonopasswd_1.2_iphoneos-arm/DEBIAN/control' contains user-defined field `Name'
dpkg-deb: ignoring 2 warnings about the control file(s)
dpkg-deb: building package `apt.1nternist.sudonopasswd' in `debs/apt.1nternist.sudonopasswd_1.2_iphoneos-arm.deb'.
warning, `.resources/uncompiled-packages/apt.1nternist.taigjbbootstrapfix_0.3_iphoneos-arm/DEBIAN/control' contains user-defined field `Author'
warning, `.resources/uncompiled-packages/apt.1nternist.taigjbbootstrapfix_0.3_iphoneos-arm/DEBIAN/control' contains user-defined field `Name'
dpkg-deb: ignoring 2 warnings about the control file(s)
dpkg-deb: building package `apt.1nternist.taigjbbootstrapfix' in `debs/apt.1nternist.taigjbbootstrapfix_0.3_iphoneos-arm.deb'.
warning, `.resources/uncompiled-packages/apt.1nternist.timecalc_1.0_iphoneos-arm/DEBIAN/control' contains user-defined field `Author'
warning, `.resources/uncompiled-packages/apt.1nternist.timecalc_1.0_iphoneos-arm/DEBIAN/control' contains user-defined field `Depiction'
warning, `.resources/uncompiled-packages/apt.1nternist.timecalc_1.0_iphoneos-arm/DEBIAN/control' contains user-defined field `Name'
warning, `.resources/uncompiled-packages/apt.1nternist.timecalc_1.0_iphoneos-arm/DEBIAN/control' contains user-defined field `Sponsor'
dpkg-deb: ignoring 4 warnings about the control file(s)
dpkg-deb: building package `apt.1nternist.timecalc' in `debs/apt.1nternist.timecalc_1.0_iphoneos-arm.deb'.
warning, `.resources/uncompiled-packages/apt.1nternist.tuktukcacaw_1.1_iphoneos-arm/DEBIAN/control' contains user-defined field `Author'
warning, `.resources/uncompiled-packages/apt.1nternist.tuktukcacaw_1.1_iphoneos-arm/DEBIAN/control' contains user-defined field `Name'
dpkg-deb: ignoring 2 warnings about the control file(s)
dpkg-deb: building package `apt.1nternist.tuktukcacaw' in `debs/apt.1nternist.tuktukcacaw_1.1_iphoneos-arm.deb'.
warning, `.resources/uncompiled-packages/apt.1nternist.urlscheme-enabler-template_1.0_iphoneos-arm/DEBIAN/control' contains user-defined field `Author'
warning, `.resources/uncompiled-packages/apt.1nternist.urlscheme-enabler-template_1.0_iphoneos-arm/DEBIAN/control' contains user-defined field `Name'
warning, `.resources/uncompiled-packages/apt.1nternist.urlscheme-enabler-template_1.0_iphoneos-arm/DEBIAN/control' contains user-defined field `Sponsor'
dpkg-deb: ignoring 3 warnings about the control file(s)
dpkg-deb: building package `apt.1nternist.urlscheme-enabler-template' in `debs/apt.1nternist.urlscheme-enabler-template_1.0_iphoneos-arm.deb'.
warning, `.resources/uncompiled-packages/apt.1nternist.uthbscripts_3.3.1_iphoneos-arm/DEBIAN/control' contains user-defined field `Author'
warning, `.resources/uncompiled-packages/apt.1nternist.uthbscripts_3.3.1_iphoneos-arm/DEBIAN/control' contains user-defined field `Name'
warning, `.resources/uncompiled-packages/apt.1nternist.uthbscripts_3.3.1_iphoneos-arm/DEBIAN/control' contains user-defined field `Sponsor'
dpkg-deb: ignoring 3 warnings about the control file(s)
dpkg-deb: building package `apt.1nternist.uthbscripts' in `debs/apt.1nternist.uthbscripts_3.3.1_iphoneos-arm.deb'.
warning, `.resources/uncompiled-packages/apt.1nternist.wallpapers1_1.0_iphoneos-arm/DEBIAN/control' contains user-defined field `Name'
warning, `.resources/uncompiled-packages/apt.1nternist.wallpapers1_1.0_iphoneos-arm/DEBIAN/control' contains user-defined field `Author'
dpkg-deb: ignoring 2 warnings about the control file(s)
dpkg-deb: building package `apt.1nternist.wallpapers1' in `debs/apt.1nternist.wallpapers1_1.0_iphoneos-arm.deb'.
warning, `.resources/uncompiled-packages/apt.1nternist.whiteterminal_8.1-3_iphoneos-arm/DEBIAN/control' contains user-defined field `Author'
warning, `.resources/uncompiled-packages/apt.1nternist.whiteterminal_8.1-3_iphoneos-arm/DEBIAN/control' contains user-defined field `dev'
warning, `.resources/uncompiled-packages/apt.1nternist.whiteterminal_8.1-3_iphoneos-arm/DEBIAN/control' contains user-defined field `Icon'
warning, `.resources/uncompiled-packages/apt.1nternist.whiteterminal_8.1-3_iphoneos-arm/DEBIAN/control' contains user-defined field `Name'
warning, `.resources/uncompiled-packages/apt.1nternist.whiteterminal_8.1-3_iphoneos-arm/DEBIAN/control' contains user-defined field `Sponsor'
dpkg-deb: ignoring 5 warnings about the control file(s)
dpkg-deb: building package `apt.1nternist.whiteterminal' in `debs/apt.1nternist.whiteterminal_8.1-3_iphoneos-arm.deb'.
warning, `.resources/uncompiled-packages/apt.1nternist.winterboardicon_1.0_iphoneos-arm/DEBIAN/control' contains user-defined field `Name'
warning, `.resources/uncompiled-packages/apt.1nternist.winterboardicon_1.0_iphoneos-arm/DEBIAN/control' contains user-defined field `Author'
warning, `.resources/uncompiled-packages/apt.1nternist.winterboardicon_1.0_iphoneos-arm/DEBIAN/control' contains user-defined field `Sponsor'
dpkg-deb: ignoring 3 warnings about the control file(s)
dpkg-deb: building package `apt.1nternist.winterboardicon' in `debs/apt.1nternist.winterboardicon_1.0_iphoneos-arm.deb'.
warning, `.resources/uncompiled-packages/apt.1nternist.woowizrepo-list_1.0_iphoneos-arm/DEBIAN/control' contains user-defined field `Sponsor'
warning, `.resources/uncompiled-packages/apt.1nternist.woowizrepo-list_1.0_iphoneos-arm/DEBIAN/control' contains user-defined field `Name'
warning, `.resources/uncompiled-packages/apt.1nternist.woowizrepo-list_1.0_iphoneos-arm/DEBIAN/control' contains user-defined field `Depiction'
warning, `.resources/uncompiled-packages/apt.1nternist.woowizrepo-list_1.0_iphoneos-arm/DEBIAN/control' contains user-defined field `Author'
dpkg-deb: ignoring 4 warnings about the control file(s)
dpkg-deb: building package `apt.1nternist.woowizrepo-list' in `debs/apt.1nternist.woowizrepo-list_1.0_iphoneos-arm.deb'.
warning, `.resources/uncompiled-packages/apt.1nternist.zeusmosrep-list_1.0_iphoneos-arm/DEBIAN/control' contains user-defined field `Sponsor'
warning, `.resources/uncompiled-packages/apt.1nternist.zeusmosrep-list_1.0_iphoneos-arm/DEBIAN/control' contains user-defined field `Name'
warning, `.resources/uncompiled-packages/apt.1nternist.zeusmosrep-list_1.0_iphoneos-arm/DEBIAN/control' contains user-defined field `Depiction'
warning, `.resources/uncompiled-packages/apt.1nternist.zeusmosrep-list_1.0_iphoneos-arm/DEBIAN/control' contains user-defined field `Author'
dpkg-deb: ignoring 4 warnings about the control file(s)
dpkg-deb: building package `apt.1nternist.zeusmosrep-list' in `debs/apt.1nternist.zeusmosrep-list_1.0_iphoneos-arm.deb'.
warning, `.resources/uncompiled-packages/gnupg-docs_1.4.19-1_iphoneos-arm/DEBIAN/control' contains user-defined field `Name'
dpkg-deb: ignoring 1 warnings about the control file(s)
dpkg-deb: building package `gnupg-docs' in `debs/gnupg-docs_1.4.19-1_iphoneos-arm.deb'.
warning, `.resources/uncompiled-packages/perl_5.22.0-2_iphoneos-arm/DEBIAN/control' contains user-defined field `Author'
warning, `.resources/uncompiled-packages/perl_5.22.0-2_iphoneos-arm/DEBIAN/control' contains user-defined field `Sponsor'
warning, `.resources/uncompiled-packages/perl_5.22.0-2_iphoneos-arm/DEBIAN/control' contains user-defined field `Name'
dpkg-deb: ignoring 3 warnings about the control file(s)
dpkg-deb: building package `perl' in `debs/perl_5.22.0-2_iphoneos-arm.deb'.
 ** packages missing from override file(s): **
  apt.1nternist.1nspire-ringtones apt.1nternist.alias-unalias
  apt.1nternist.ambientringtones apt.1nternist.ap2ipa
  apt.1nternist.appinfoforios8 apt.1nternist.apptodebv14ios8
  apt.1nternist.apptodebv1parallel apt.1nternist.arm-tool
  apt.1nternist.armv7binpatch apt.1nternist.armv7s-add
  apt.1nternist.armv7s-patch apt.1nternist.avtoolscripts
  apt.1nternist.bash-dpkg-scanpackages apt.1nternist.bashrc
  apt.1nternist.bashutils apt.1nternist.bitesmsicon
  apt.1nternist.blackmagicwoman apt.1nternist.blockernetworks
  apt.1nternist.bonjourfix apt.1nternist.bubblepop
  apt.1nternist.bundleicons apt.1nternist.cacawtookietookie
  apt.1nternist.cartmanringtones apt.1nternist.chocolatesaltyballs
  apt.1nternist.clitools apt.1nternist.clutch apt.1nternist.clutch2
  apt.1nternist.cokepokesr-list apt.1nternist.coolstarsr-list
  apt.1nternist.crazymonst-list apt.1nternist.cydiaiconios7
  apt.1nternist.cyrespring apt.1nternist.debhelper
  apt.1nternist.debxpandr apt.1nternist.disabled apt.1nternist.dpkg-
  debtool apt.1nternist.dpkg-dev apt.1nternist.dpkg-scanpackages
  apt.1nternist.emoji83 apt.1nternist.emwwalls apt.1nternist.ffmpeg
  apt.1nternist.findmyshells apt.1nternist.freeyourap-list
  apt.1nternist.gdb apt.1nternist.git-doc apt.1nternist.github-
  sslcerts apt.1nternist.gnumake apt.1nternist.groff-base
  apt.1nternist.groovesharkenhancer apt.1nternist.hardon
  apt.1nternist.harrisonap-list apt.1nternist.hln
  apt.1nternist.houseringtones apt.1nternist.hunterbeck-list
  apt.1nternist.iapcracker-list apt.1nternist.icausefxre-list
  apt.1nternist.icy apt.1nternist.idwaneorep-list
  apt.1nternist.ifoundadildo apt.1nternist.ijappurl
  apt.1nternist.ilexinfore-list apt.1nternist.ilexrepo-list
  apt.1nternist.iminionsiwidgetpack apt.1nternist.infotap
  apt.1nternist.ininjasrep-list apt.1nternist.installipa
  apt.1nternist.ios-webstack-patcher apt.1nternist.ios7reposi-list
  apt.1nternist.ios7sequelae apt.1nternist.ios7sequelaewallpaper
  apt.1nternist.ios7wallpaperpack apt.1nternist.ios8themefixscript
  apt.1nternist.iosjedizeppelin apt.1nternist.ipadwallpaperpack1
  apt.1nternist.ipadwallpaperpack2 apt.1nternist.ipadwallpaperpack3
  apt.1nternist.ipadwallpaperpack4 apt.1nternist.ipadwallpaperpack5
  apt.1nternist.ipadwallpaperpack6 apt.1nternist.ipainstallerurlscheme-
  enabler apt.1nternist.iphonecake-list apt.1nternist.irepo
  apt.1nternist.iringtone4 apt.1nternist.julioskype-list
  apt.1nternist.libdpkg-perl apt.1nternist.libfreetype
  apt.1nternist.libjpeg apt.1nternist.libmcrypt
  apt.1nternist.libpipeline apt.1nternist.libpng apt.1nternist.libtiff
  apt.1nternist.libtimedate-perl apt.1nternist.libtool
  apt.1nternist.libxml2 apt.1nternist.lighttpd-tool
  apt.1nternist.lighttpdtoggles apt.1nternist.localiapstoreios9
  apt.1nternist.luminous-ipadoverlayfix apt.1nternist.makedeb
  apt.1nternist.makeiconios7+ apt.1nternist.man-db
  apt.1nternist.mirepo apt.1nternist.mobileterminal-applesdk7
  apt.1nternist.mobileterminalios7 apt.1nternist.mobileterminalios8
  apt.1nternist.mobileterminalplus apt.1nternist.mostannoyingringtone
  apt.1nternist.musicgrab apt.1nternist.myrepospac-list
  apt.1nternist.node apt.1nternist.p0dulorepo-list
  apt.1nternist.pbasename apt.1nternist.pcentcomp
  apt.1nternist.pcentleft apt.1nternist.philippe97-list
  apt.1nternist.phppod apt.1nternist.po4a apt.1nternist.pwntube
  apt.1nternist.rasticrac apt.1nternist.repocydiac-list
  apt.1nternist.reposetup apt.1nternist.revealinstaller
  apt.1nternist.savannah-ipadoverlayfix apt.1nternist.savannahlabelfix
  apt.1nternist.signalrefresh apt.1nternist.smolksmyre-list
  apt.1nternist.soundoff apt.1nternist.sox apt.1nternist.sudonopasswd
  apt.1nternist.taigjbbootstrapfix apt.1nternist.timecalc
  apt.1nternist.tuktukcacaw apt.1nternist.urlscheme-enabler-template
  apt.1nternist.uthbscripts apt.1nternist.wallpapers1
  apt.1nternist.whiteterminal apt.1nternist.winterboardicon
  apt.1nternist.woowizrepo-list apt.1nternist.zeusmosrep-list gnupg-
  docs perl

 141 packages written to file.
