 ** packages missing from override file(s): **
  apt.1nternist.1nspire-ringtones apt.1nternist.alias-unalias
  apt.1nternist.ambientringtones apt.1nternist.ap2ipa
  apt.1nternist.appinfoforios8 apt.1nternist.apptodebv14ios8
  apt.1nternist.apptodebv1parallel apt.1nternist.arm-tool
  apt.1nternist.armv7binpatch apt.1nternist.armv7s-add
  apt.1nternist.armv7s-patch apt.1nternist.avtoolscripts
  apt.1nternist.ayeconios7 apt.1nternist.ayeconios9
  apt.1nternist.ayeris apt.1nternist.bash-dpkg-scanpackages
  apt.1nternist.bashrc apt.1nternist.bashutils
  apt.1nternist.blackmagicwoman apt.1nternist.blockernetworks
  apt.1nternist.bonjourfix apt.1nternist.bubblepop
  apt.1nternist.bundleicons apt.1nternist.cacawtookietookie
  apt.1nternist.cartmanringtones apt.1nternist.chocolatesaltyballs
  apt.1nternist.clitools apt.1nternist.clutch apt.1nternist.clutch2
  apt.1nternist.coolstarsr-list apt.1nternist.cydiaiconios7
  apt.1nternist.cyrespring apt.1nternist.debhelper
  apt.1nternist.debxpandr apt.1nternist.disabled apt.1nternist.dpkg-
  debtool apt.1nternist.dpkg-dev apt.1nternist.dpkg-scanpackages
  apt.1nternist.emoji83 apt.1nternist.emwwalls apt.1nternist.ffmpeg
  apt.1nternist.findmyshells apt.1nternist.freeyourap-list
  apt.1nternist.gdb apt.1nternist.git-doc apt.1nternist.git-extras
  apt.1nternist.github-sslcerts apt.1nternist.gnumake
  apt.1nternist.gnupg-docs apt.1nternist.groff-base
  apt.1nternist.hardon apt.1nternist.harrisonap-list apt.1nternist.hln
  apt.1nternist.houseringtones apt.1nternist.hunterbeck-list
  apt.1nternist.iapcracker-list apt.1nternist.icausefxre-list
  apt.1nternist.icy apt.1nternist.idwaneorep-list
  apt.1nternist.ifoundadildo apt.1nternist.ijappurl
  apt.1nternist.iminionsiwidgetpack apt.1nternist.infotap
  apt.1nternist.installipa apt.1nternist.ios-webstack-patcher
  apt.1nternist.ios7reposi-list apt.1nternist.ios7sequelae
  apt.1nternist.ios7sequelaewallpaper apt.1nternist.ios7wallpaperpack
  apt.1nternist.ios8themefixscript apt.1nternist.iosjedizeppelin
  apt.1nternist.ipadwallpaperpack1 apt.1nternist.ipadwallpaperpack2
  apt.1nternist.ipadwallpaperpack3 apt.1nternist.ipadwallpaperpack4
  apt.1nternist.ipadwallpaperpack5 apt.1nternist.ipadwallpaperpack6
  apt.1nternist.ipainstallerurlscheme-enabler apt.1nternist.iphonecake-
  list apt.1nternist.irepo apt.1nternist.iringtone4
  apt.1nternist.julioskype-list apt.1nternist.libdpkg-perl
  apt.1nternist.libfreetype apt.1nternist.libjpeg
  apt.1nternist.libmcrypt apt.1nternist.libpipeline
  apt.1nternist.libpng apt.1nternist.libtiff apt.1nternist.libtimedate-
  perl apt.1nternist.libtool apt.1nternist.libxml2
  apt.1nternist.lighttpd-tool apt.1nternist.lighttpdtoggles
  apt.1nternist.localiapstoreios9 apt.1nternist.luminous-
  ipadoverlayfix apt.1nternist.makedeb apt.1nternist.makeiconios7+
  apt.1nternist.man-db apt.1nternist.mirepo
  apt.1nternist.mobileterminal-applesdk7
  apt.1nternist.mobileterminalios7 apt.1nternist.mobileterminalios8
  apt.1nternist.mobileterminalplus apt.1nternist.mostannoyingringtone
  apt.1nternist.musicgrab apt.1nternist.node apt.1nternist.p0dulorepo-
  list apt.1nternist.pbasename apt.1nternist.pcentcomp
  apt.1nternist.pcentleft apt.1nternist.perl apt.1nternist.perl-
  modules apt.1nternist.philippe97-list apt.1nternist.phppod
  apt.1nternist.po4a apt.1nternist.pwntube apt.1nternist.rasticrac
  apt.1nternist.repocydiac-list apt.1nternist.reposetup
  apt.1nternist.revealinstaller apt.1nternist.savannah-ipadoverlayfix
  apt.1nternist.savannahlabelfix apt.1nternist.signalrefresh
  apt.1nternist.smolksmyre-list apt.1nternist.soundoff
  apt.1nternist.sox apt.1nternist.sudonopasswd
  apt.1nternist.taigjbbootstrapfix apt.1nternist.timecalc
  apt.1nternist.tuktukcacaw apt.1nternist.urlscheme-enabler-template
  apt.1nternist.uthbscripts apt.1nternist.wallpapers1
  apt.1nternist.whiteterminal apt.1nternist.winterboardicon
  apt.1nternist.woowizrepo-list apt.1nternist.zeusmosrep-list gettext
  python3

 187 packages written to file.
