 ** packages missing from override file(s): **
  apt.1nternist.1nspire-ringtones apt.1nternist.alias-unalias
  apt.1nternist.ambientringtones apt.1nternist.ap2ipa
  apt.1nternist.ayeconios9 apt.1nternist.ayeris apt.1nternist.bash-
  dpkg-scanpackages apt.1nternist.bashrc apt.1nternist.bashutils
  apt.1nternist.blackmagicwoman apt.1nternist.bonjourfix
  apt.1nternist.bubblepop apt.1nternist.cacawtookietookie
  apt.1nternist.cacerts apt.1nternist.cartmanringtones
  apt.1nternist.chocolatesaltyballs apt.1nternist.cotomoviespremium
  apt.1nternist.deb-backup apt.1nternist.debhelper
  apt.1nternist.debxpandr apt.1nternist.dpkg-debtool
  apt.1nternist.dpkg-dev apt.1nternist.dpkg-scanpackages
  apt.1nternist.ffmpeg apt.1nternist.ffmpeg64 apt.1nternist.git-doc
  apt.1nternist.git-extras apt.1nternist.github-sslcerts
  apt.1nternist.groff-base apt.1nternist.hardon apt.1nternist.hln
  apt.1nternist.houseringtones apt.1nternist.ifoundadildo
  apt.1nternist.ijappurl apt.1nternist.iosjedizeppelin
  apt.1nternist.ipainstallerurlscheme-enabler apt.1nternist.iringtone4
  apt.1nternist.jlutil64 apt.1nternist.jtool64 apt.1nternist.libdpkg-
  perl apt.1nternist.libfreetype apt.1nternist.libjpeg
  apt.1nternist.libmcrypt apt.1nternist.libpipeline
  apt.1nternist.libpng apt.1nternist.libtiff apt.1nternist.libtool
  apt.1nternist.libxml2 apt.1nternist.lighttpd-tool
  apt.1nternist.lighttpdtoggles apt.1nternist.localiapstore9
  apt.1nternist.localiapstoreios9 apt.1nternist.makedeb
  apt.1nternist.mirepo apt.1nternist.mostannoyingringtone
  apt.1nternist.node apt.1nternist.pasteboard apt.1nternist.pbasename
  apt.1nternist.pcentcomp apt.1nternist.pcentleft apt.1nternist.plutil
  apt.1nternist.po4a apt.1nternist.prompt2root
  apt.1nternist.recentinstalled apt.1nternist.recents
  apt.1nternist.redeb apt.1nternist.reposetup apt.1nternist.rootify
  apt.1nternist.signalrefresh apt.1nternist.soundoff apt.1nternist.sox
  apt.1nternist.sudonopasswd apt.1nternist.tcpoptimizer
  apt.1nternist.timecalc apt.1nternist.tuktukcacaw
  apt.1nternist.urlscheme-enabler-template apt.1nternist.uthbscripts
  apt.1nternist.utilities apt.1nternist.watchdogpro
  apt.1nternist.whatsourcepackage apt.1nternist.whiteterminal
  apt.1nternist.xconforios9 bash bzip2 file gettext git libcompress-
  raw-lzma-perl libdpkg-perl libio-compress-lzma-perl libsigc++
  libtimedate-perl openssh perl python3 python3-lib rpl rsync unzip xz-
  utils zip

 106 packages written to file.
